Using pre-set license
Built from '2020.3/staging' branch; Version is '2020.3.18f1 (a7d1c678663c) revision 10998214'; Using compiler version '192528614'; Build Type 'Release'
OS: 'Windows 10 Home; OS build 19042.1237; Version 2009; 64bit' Language: 'en' Physical Memory: 10159 MB
BatchMode: 1, IsHumanControllingUs: 0, StartBugReporterOnCrash: 0, Is64bit: 1, IsPro: 0

COMMAND LINE ARGUMENTS:
C:\2020.3.18f1\Editor\Unity.exe
-adb2
-batchMode
-noUpm
-name
AssetImportWorker0
-projectPath
C:/Game Developement/cosc/action-platformer
-logFile
Logs/AssetImportWorker0.log
-srvPort
62310
Successfully changed project path to: C:/Game Developement/cosc/action-platformer
C:/Game Developement/cosc/action-platformer
Using Asset Import Pipeline V2.
Refreshing native plugins compatible for Editor in 67.96 ms, found 2 plugins.
Preloading 0 native plugins for Editor in 0.00 ms.
Initialize engine version: 2020.3.18f1 (a7d1c678663c)
[Subsystems] Discovering subsystems at path C:/2020.3.18f1/Editor/Data/Resources/UnitySubsystems
[Subsystems] Discovering subsystems at path C:/Game Developement/cosc/action-platformer/Assets
GfxDevice: creating device client; threaded=0
Direct3D:
    Version:  Direct3D 11.0 [level 11.1]
    Renderer: AMD Radeon(TM) Graphics (ID=0x15d8)
    Vendor:   
    VRAM:     5079 MB
    Driver:   27.20.21030.1005
Initialize mono
Mono path[0] = 'C:/2020.3.18f1/Editor/Data/Managed'
Mono path[1] = 'C:/2020.3.18f1/Editor/Data/MonoBleedingEdge/lib/mono/unityjit'
Mono config path = 'C:/2020.3.18f1/Editor/Data/MonoBleedingEdge/etc'
Using monoOptions --debugger-agent=transport=dt_socket,embedding=1,server=y,suspend=n,address=127.0.0.1:56580
Begin MonoManager ReloadAssembly
Registering precompiled unity dll's ...
Register platform support module: C:/2020.3.18f1/Editor/Data/PlaybackEngines/WindowsStandaloneSupport/UnityEditor.WindowsStandalone.Extensions.dll
Register platform support module: C:/2020.3.18f1/Editor/Data/PlaybackEngines/LinuxStandaloneSupport/UnityEditor.LinuxStandalone.Extensions.dll
Registered in 0.003379 seconds.
Native extension for LinuxStandalone target not found
Native extension for WindowsStandalone target not found
Refreshing native plugins compatible for Editor in 61.08 ms, found 2 plugins.
Preloading 0 native plugins for Editor in 0.00 ms.
Mono: successfully reloaded assembly
- Completed reload, in  3.010 seconds
Domain Reload Profiling:
	ReloadAssembly (3011ms)
		BeginReloadAssembly (76ms)
			ExecutionOrderSort (0ms)
			DisableScriptedObjects (0ms)
			BackupInstance (0ms)
			ReleaseScriptingObjects (0ms)
			CreateAndSetChildDomain (1ms)
		EndReloadAssembly (701ms)
			LoadAssemblies (72ms)
			RebuildTransferFunctionScriptingTraits (0ms)
			SetupTypeCache (215ms)
			ReleaseScriptCaches (0ms)
			RebuildScriptCaches (64ms)
			SetupLoadedEditorAssemblies (232ms)
				LogAssemblyErrors (0ms)
				InitializePlatformSupportModulesInManaged (8ms)
				SetLoadedEditorAssemblies (0ms)
				RefreshPlugins (61ms)
				BeforeProcessingInitializeOnLoad (13ms)
				ProcessInitializeOnLoadAttributes (111ms)
				ProcessInitializeOnLoadMethodAttributes (38ms)
				AfterProcessingInitializeOnLoad (0ms)
				EditorAssembliesLoaded (0ms)
			ExecutionOrderSort2 (0ms)
			AwakeInstancesAfterBackupRestoration (0ms)
Platform modules already initialized, skipping
Registering precompiled user dll's ...
Registered in 0.006214 seconds.
Begin MonoManager ReloadAssembly
Native extension for LinuxStandalone target not found
Native extension for WindowsStandalone target not found
Refreshing native plugins compatible for Editor in 0.86 ms, found 2 plugins.
Preloading 0 native plugins for Editor in 0.00 ms.
Mono: successfully reloaded assembly
- Completed reload, in  1.745 seconds
Domain Reload Profiling:
	ReloadAssembly (1746ms)
		BeginReloadAssembly (220ms)
			ExecutionOrderSort (0ms)
			DisableScriptedObjects (7ms)
			BackupInstance (0ms)
			ReleaseScriptingObjects (0ms)
			CreateAndSetChildDomain (31ms)
		EndReloadAssembly (1436ms)
			LoadAssemblies (115ms)
			RebuildTransferFunctionScriptingTraits (0ms)
			SetupTypeCache (615ms)
			ReleaseScriptCaches (1ms)
			RebuildScriptCaches (77ms)
			SetupLoadedEditorAssemblies (479ms)
				LogAssemblyErrors (0ms)
				InitializePlatformSupportModulesInManaged (9ms)
				SetLoadedEditorAssemblies (1ms)
				RefreshPlugins (1ms)
				BeforeProcessingInitializeOnLoad (112ms)
				ProcessInitializeOnLoadAttributes (327ms)
				ProcessInitializeOnLoadMethodAttributes (17ms)
				AfterProcessingInitializeOnLoad (12ms)
				EditorAssembliesLoaded (1ms)
			ExecutionOrderSort2 (0ms)
			AwakeInstancesAfterBackupRestoration (10ms)
Platform modules already initialized, skipping
========================================================================
Worker process is ready to serve import requests
Launched and connected shader compiler UnityShaderCompiler.exe after 0.09 seconds
Refreshing native plugins compatible for Editor in 0.56 ms, found 2 plugins.
Preloading 0 native plugins for Editor in 0.00 ms.
Unloading 1950 Unused Serialized files (Serialized files now loaded: 0)
System memory in use before: 90.9 MB.
System memory in use after: 91.0 MB.

Unloading 22 unused Assets to reduce memory usage. Loaded Objects now: 2388.
Total: 4.749800 ms (FindLiveObjects: 0.248000 ms CreateObjectMapping: 0.060900 ms MarkObjects: 4.328200 ms  DeleteObjects: 0.110900 ms)

AssetImportParameters requested are different than current active one (requested -> active):
  custom:framework-win-MediaFoundation: 216162199b28c13a410421893ffa2e32 -> 
  custom:video-decoder-ogg-theora: a1e56fd34408186e4bbccfd4996cb3dc -> 
  custom:container-muxer-webm: aa71ff27fc2769a1b78a27578f13a17b -> 
  custom:container-demuxer-webm: 4f35f7cbe854078d1ac9338744f61a02 -> 
  custom:container-demuxer-ogg: 62fdf1f143b41e24485cea50d1cbac27 -> 
  custom:video-encoder-webm-vp8: eb34c28f22e8b96e1ab97ce403110664 -> 
  custom:video-decoder-webm-vp8: 9c59270c3fd7afecdb556c50c9e8de78 -> 
  custom:audio-decoder-ogg-vorbis: bf7c407c2cedff20999df2af8eb42d56 -> 
  custom:audio-encoder-webm-vorbis: bf7c407c2cedff20999df2af8eb42d56 -> 
========================================================================
Received Import Request.
  path: Assets/Scenes/SampleScene.unity
  artifactKey: Guid(2cda990e2423bbf4892e6590ba056729) Importer(815301076,1909f56bfc062723c751e8b465ee728b)
Start importing Assets/Scenes/SampleScene.unity using Guid(2cda990e2423bbf4892e6590ba056729) Importer(815301076,1909f56bfc062723c751e8b465ee728b)  -> (artifact id: '682e11d9d36a714408db2bd1ea6a51bf') in 0.024569 seconds 
  Import took 0.028883 seconds .

========================================================================
Received Import Request.
  Time since last request: 25.123176 seconds.
  path: Assets/Scenes/Demo_level_1.unity
  artifactKey: Guid(0e977454692839e4a8e2c8110440782a) Importer(815301076,1909f56bfc062723c751e8b465ee728b)
Start importing Assets/Scenes/Demo_level_1.unity using Guid(0e977454692839e4a8e2c8110440782a) Importer(815301076,1909f56bfc062723c751e8b465ee728b)  -> (artifact id: '9c662fd096e9e49e14ca3e3e9acd246b') in 0.006347 seconds 
  Import took 0.012770 seconds .

========================================================================
Received Import Request.
  Time since last request: 35.974066 seconds.
  path: Assets/Environment
  artifactKey: Guid(c2e9270607f994b7e8497cc38d6b84da) Importer(815301076,1909f56bfc062723c751e8b465ee728b)
Start importing Assets/Environment using Guid(c2e9270607f994b7e8497cc38d6b84da) Importer(815301076,1909f56bfc062723c751e8b465ee728b)  -> (artifact id: '643134efc2ca53e008e8c96b437aab5e') in 0.013041 seconds 
  Import took 0.017278 seconds .

========================================================================
Received Import Request.
  Time since last request: 0.791907 seconds.
  path: Assets/Environment/Sprites
  artifactKey: Guid(fbcc101ac651c4c1b97591f8c99f9f6d) Importer(815301076,1909f56bfc062723c751e8b465ee728b)
Start importing Assets/Environment/Sprites using Guid(fbcc101ac651c4c1b97591f8c99f9f6d) Importer(815301076,1909f56bfc062723c751e8b465ee728b)  -> (artifact id: 'de35c1c1086ded09982da9a313681093') in 0.013105 seconds 
  Import took 0.017263 seconds .

========================================================================
Received Import Request.
  Time since last request: 0.053727 seconds.
  path: Assets/Environment/Sprites/cloud.png
  artifactKey: Guid(510116f768c743e41b41ed30a8bdbc29) Importer(815301076,1909f56bfc062723c751e8b465ee728b)
Start importing Assets/Environment/Sprites/cloud.png using Guid(510116f768c743e41b41ed30a8bdbc29) Importer(815301076,1909f56bfc062723c751e8b465ee728b)  -> (artifact id: '2531cbf31ebde76849547110f7dd7312') in 0.159146 seconds 
  Import took 0.163326 seconds .

========================================================================
Received Import Request.
  Time since last request: 0.000215 seconds.
  path: Assets/Environment/Sprites/TileFloatingLeftEdge.png
  artifactKey: Guid(cbb2fe4d69e24da4db5d9340b9a78b41) Importer(815301076,1909f56bfc062723c751e8b465ee728b)
Start importing Assets/Environment/Sprites/TileFloatingLeftEdge.png using Guid(cbb2fe4d69e24da4db5d9340b9a78b41) Importer(815301076,1909f56bfc062723c751e8b465ee728b)  -> (artifact id: '97c58b5145d0dcba0a0d742c9280004b') in 0.029978 seconds 
  Import took 0.035472 seconds .

========================================================================
Received Import Request.
  Time since last request: 0.000371 seconds.
  path: Assets/Environment/Sprites/MidgroundFiller.png
  artifactKey: Guid(5bfb66baa66fb8249850422e5c04049c) Importer(815301076,1909f56bfc062723c751e8b465ee728b)
Start importing Assets/Environment/Sprites/MidgroundFiller.png using Guid(5bfb66baa66fb8249850422e5c04049c) Importer(815301076,1909f56bfc062723c751e8b465ee728b)  -> (artifact id: 'bb8944f4272098a318c5fefa2010b2c5') in 0.027284 seconds 
  Import took 0.031768 seconds .

========================================================================
Received Import Request.
  Time since last request: 0.000247 seconds.
  path: Assets/Environment/Sprites/ShortBuilding.png
  artifactKey: Guid(d6bb3a4076992b34899422ed2833ca78) Importer(815301076,1909f56bfc062723c751e8b465ee728b)
Start importing Assets/Environment/Sprites/ShortBuilding.png using Guid(d6bb3a4076992b34899422ed2833ca78) Importer(815301076,1909f56bfc062723c751e8b465ee728b)  -> (artifact id: '3ec6ee5082ca9594233f4b662444e935') in 0.028567 seconds 
  Import took 0.032997 seconds .

========================================================================
Received Import Request.
  Time since last request: 0.000392 seconds.
  path: Assets/Environment/Sprites/TileGroundDark.png
  artifactKey: Guid(822726e40d7799b499000f517f3fdf25) Importer(815301076,1909f56bfc062723c751e8b465ee728b)
Start importing Assets/Environment/Sprites/TileGroundDark.png using Guid(822726e40d7799b499000f517f3fdf25) Importer(815301076,1909f56bfc062723c751e8b465ee728b)  -> (artifact id: 'bf5e6d6a1179030ff05403a7ad4415e2') in 0.026436 seconds 
  Import took 0.030530 seconds .

========================================================================
Received Import Request.
  Time since last request: 0.000228 seconds.
  path: Assets/Environment/Sprites/TileGroundTop.png
  artifactKey: Guid(74123a47f787b014e9cc87c75ed7460a) Importer(815301076,1909f56bfc062723c751e8b465ee728b)
Start importing Assets/Environment/Sprites/TileGroundTop.png using Guid(74123a47f787b014e9cc87c75ed7460a) Importer(815301076,1909f56bfc062723c751e8b465ee728b)  -> (artifact id: '421e45e8a7abc0943bf7c51836075272') in 0.023581 seconds 
  Import took 0.029697 seconds .

========================================================================
Received Import Request.
  Time since last request: 0.000222 seconds.
  path: Assets/Environment/Sprites/TileFloatingRightEdge.png
  artifactKey: Guid(3e2b02880f6f91b43a412e910b8943a4) Importer(815301076,1909f56bfc062723c751e8b465ee728b)
Start importing Assets/Environment/Sprites/TileFloatingRightEdge.png using Guid(3e2b02880f6f91b43a412e910b8943a4) Importer(815301076,1909f56bfc062723c751e8b465ee728b)  -> (artifact id: 'fffc35243830751c32de8879bd6cc86a') in 0.025733 seconds 
  Import took 0.030168 seconds .

========================================================================
Received Import Request.
  Time since last request: 0.000234 seconds.
  path: Assets/Environment/Sprites/TallBuilding.png
  artifactKey: Guid(fc837eb64bd35a64dbff20cd45295fab) Importer(815301076,1909f56bfc062723c751e8b465ee728b)
Start importing Assets/Environment/Sprites/TallBuilding.png using Guid(fc837eb64bd35a64dbff20cd45295fab) Importer(815301076,1909f56bfc062723c751e8b465ee728b)  -> (artifact id: 'dcce22b816a43a7c411673cab7c33cdd') in 0.028607 seconds 
  Import took 0.033289 seconds .

========================================================================
Received Import Request.
  Time since last request: 0.000198 seconds.
  path: Assets/Environment/Sprites/mountains.png
  artifactKey: Guid(ae15cd3a7745ebf48a7b644b11834130) Importer(815301076,1909f56bfc062723c751e8b465ee728b)
Start importing Assets/Environment/Sprites/mountains.png using Guid(ae15cd3a7745ebf48a7b644b11834130) Importer(815301076,1909f56bfc062723c751e8b465ee728b)  -> (artifact id: 'babe1f7d9ced8879d079d486e60b9538') in 0.027206 seconds 
  Import took 0.031167 seconds .

========================================================================
Received Import Request.
  Time since last request: 0.000233 seconds.
  path: Assets/Environment/Sprites/hillside.png
  artifactKey: Guid(6484ca7da7c3c4b4f81cadedb9b18e9b) Importer(815301076,1909f56bfc062723c751e8b465ee728b)
Start importing Assets/Environment/Sprites/hillside.png using Guid(6484ca7da7c3c4b4f81cadedb9b18e9b) Importer(815301076,1909f56bfc062723c751e8b465ee728b)  -> (artifact id: '2158cf71bc3df3027c727fb1704222d6') in 0.025708 seconds 
  Import took 0.030555 seconds .

========================================================================
Received Import Request.
  Time since last request: 0.000212 seconds.
  path: Assets/Environment/Sprites/tree.png
  artifactKey: Guid(0297adc2e728da242a0e78df10d9b8b8) Importer(815301076,1909f56bfc062723c751e8b465ee728b)
Start importing Assets/Environment/Sprites/tree.png using Guid(0297adc2e728da242a0e78df10d9b8b8) Importer(815301076,1909f56bfc062723c751e8b465ee728b)  -> (artifact id: '946b2fc51b57b83c743f6b0b41019b89') in 0.026644 seconds 
  Import took 0.030859 seconds .

========================================================================
Received Import Request.
  Time since last request: 0.000214 seconds.
  path: Assets/Environment/Sprites/TileFloatingMiddle.png
  artifactKey: Guid(4b59a07770b3607408af06862bbf6de6) Importer(815301076,1909f56bfc062723c751e8b465ee728b)
Start importing Assets/Environment/Sprites/TileFloatingMiddle.png using Guid(4b59a07770b3607408af06862bbf6de6) Importer(815301076,1909f56bfc062723c751e8b465ee728b)  -> (artifact id: '0f570454233ba9e40f3df2358c658570') in 0.028790 seconds 
  Import took 0.033419 seconds .

========================================================================
Received Import Request.
  Time since last request: 0.000197 seconds.
  path: Assets/Environment/Sprites/TileGround.png
  artifactKey: Guid(4ab30a6b78053f440ad8969d54c83d95) Importer(815301076,1909f56bfc062723c751e8b465ee728b)
Start importing Assets/Environment/Sprites/TileGround.png using Guid(4ab30a6b78053f440ad8969d54c83d95) Importer(815301076,1909f56bfc062723c751e8b465ee728b)  -> (artifact id: '086350618ffa829a5c3b68cbbae5885b') in 0.024751 seconds 
  Import took 0.030352 seconds .

========================================================================
Received Import Request.
  Time since last request: 0.000232 seconds.
  path: Assets/Environment/Sprites/plant.png
  artifactKey: Guid(31100c1a6774a964a9f5502cff2fb6c2) Importer(815301076,1909f56bfc062723c751e8b465ee728b)
Start importing Assets/Environment/Sprites/plant.png using Guid(31100c1a6774a964a9f5502cff2fb6c2) Importer(815301076,1909f56bfc062723c751e8b465ee728b)  -> (artifact id: '3cd0761c0089f67a94ab7476e271287f') in 0.026981 seconds 
  Import took 0.032172 seconds .

========================================================================
Received Import Request.
  Time since last request: 0.000285 seconds.
  path: Assets/Environment/Sprites/midground.png
  artifactKey: Guid(ae2c8da0a2b52a94693061615670c2aa) Importer(815301076,1909f56bfc062723c751e8b465ee728b)
Start importing Assets/Environment/Sprites/midground.png using Guid(ae2c8da0a2b52a94693061615670c2aa) Importer(815301076,1909f56bfc062723c751e8b465ee728b)  -> (artifact id: '913646357c7f9fdadafdc0145661df0f') in 0.034071 seconds 
  Import took 0.038784 seconds .

========================================================================
Received Import Request.
  Time since last request: 0.000224 seconds.
  path: Assets/Environment/Sprites/house.png
  artifactKey: Guid(94e3ad24efa41394381384e2f14d15a2) Importer(815301076,1909f56bfc062723c751e8b465ee728b)
Start importing Assets/Environment/Sprites/house.png using Guid(94e3ad24efa41394381384e2f14d15a2) Importer(815301076,1909f56bfc062723c751e8b465ee728b)  -> (artifact id: 'f059d6071052cbd723806736fbdd7139') in 0.054017 seconds 
  Import took 0.058288 seconds .

========================================================================
Received Import Request.
  Time since last request: 0.000207 seconds.
  path: Assets/Environment/Sprites/fence.png
  artifactKey: Guid(5923f7e825e7cd44f9ae0017f0f1f139) Importer(815301076,1909f56bfc062723c751e8b465ee728b)
Start importing Assets/Environment/Sprites/fence.png using Guid(5923f7e825e7cd44f9ae0017f0f1f139) Importer(815301076,1909f56bfc062723c751e8b465ee728b)  -> (artifact id: '91138a6e7f90c438ccd514ebc8e18119') in 0.026962 seconds 
  Import took 0.031094 seconds .

========================================================================
Received Import Request.
  Time since last request: 0.001104 seconds.
  path: Assets/Environment/Sprites/fence.png
  artifactKey: Guid(5923f7e825e7cd44f9ae0017f0f1f139) Importer(815301076,1909f56bfc062723c751e8b465ee728b)
Start importing Assets/Environment/Sprites/fence.png using Guid(5923f7e825e7cd44f9ae0017f0f1f139) Importer(815301076,1909f56bfc062723c751e8b465ee728b)  -> (artifact id: '91138a6e7f90c438ccd514ebc8e18119') in 0.021954 seconds 
  Import took 0.027987 seconds .

========================================================================
Received Import Request.
  Time since last request: 6.112520 seconds.
  path: Assets/Tiles/cloud.asset
  artifactKey: Guid(216e1d3fb32f7bc48a7a754adcfca76f) Importer(815301076,1909f56bfc062723c751e8b465ee728b)
Start importing Assets/Tiles/cloud.asset using Guid(216e1d3fb32f7bc48a7a754adcfca76f) Importer(815301076,1909f56bfc062723c751e8b465ee728b)  -> (artifact id: 'bf3ad7fab58acfa5f588be34849de11c') in 0.031054 seconds 
  Import took 0.035394 seconds .

========================================================================
Received Import Request.
  Time since last request: 0.000224 seconds.
  path: Assets/Tiles/plant.asset
  artifactKey: Guid(ca038d30e63673a458203d4a31573d95) Importer(815301076,1909f56bfc062723c751e8b465ee728b)
Start importing Assets/Tiles/plant.asset using Guid(ca038d30e63673a458203d4a31573d95) Importer(815301076,1909f56bfc062723c751e8b465ee728b)  -> (artifact id: '0c63907b880bbd5cf8a5046a09712a07') in 0.021981 seconds 
  Import took 0.025998 seconds .

========================================================================
Received Import Request.
  Time since last request: 0.000225 seconds.
  path: Assets/Tiles/TileGround.asset
  artifactKey: Guid(346d40452471dc54ba12d6c7e67a1920) Importer(815301076,1909f56bfc062723c751e8b465ee728b)
Start importing Assets/Tiles/TileGround.asset using Guid(346d40452471dc54ba12d6c7e67a1920) Importer(815301076,1909f56bfc062723c751e8b465ee728b)  -> (artifact id: '1d861e5c09e85814d3ccb7b6b8a8fb4f') in 0.017663 seconds 
  Import took 0.022391 seconds .

========================================================================
Received Import Request.
  Time since last request: 0.000200 seconds.
  path: Assets/Tiles/tree.asset
  artifactKey: Guid(425a6ca6169e0e14ba0dd745b3d35cb2) Importer(815301076,1909f56bfc062723c751e8b465ee728b)
Start importing Assets/Tiles/tree.asset using Guid(425a6ca6169e0e14ba0dd745b3d35cb2) Importer(815301076,1909f56bfc062723c751e8b465ee728b)  -> (artifact id: '3b73356582e6add3fcd5615ebc6a7f61') in 0.020763 seconds 
  Import took 0.025182 seconds .

========================================================================
Received Import Request.
  Time since last request: 0.000246 seconds.
  path: Assets/Tiles/mountains.asset
  artifactKey: Guid(17d8f745a300ff948ac10cceb364a2dc) Importer(815301076,1909f56bfc062723c751e8b465ee728b)
Start importing Assets/Tiles/mountains.asset using Guid(17d8f745a300ff948ac10cceb364a2dc) Importer(815301076,1909f56bfc062723c751e8b465ee728b)  -> (artifact id: '9624968d03499982367a7fed68b9799f') in 0.029095 seconds 
  Import took 0.033326 seconds .

========================================================================
Received Import Request.
  Time since last request: 0.000213 seconds.
  path: Assets/Tiles/TileGroundTop.asset
  artifactKey: Guid(00c0f6fa8d57f7949864cfd4ba00f858) Importer(815301076,1909f56bfc062723c751e8b465ee728b)
Start importing Assets/Tiles/TileGroundTop.asset using Guid(00c0f6fa8d57f7949864cfd4ba00f858) Importer(815301076,1909f56bfc062723c751e8b465ee728b)  -> (artifact id: 'a27f910e75002c8fa253bf430ac8d1af') in 0.017792 seconds 
  Import took 0.022544 seconds .

========================================================================
Received Import Request.
  Time since last request: 0.000250 seconds.
  path: Assets/Tiles/TileFloatingLeftEdge.asset
  artifactKey: Guid(8ffc15ca897ef94428428a26ead7bd6d) Importer(815301076,1909f56bfc062723c751e8b465ee728b)
Start importing Assets/Tiles/TileFloatingLeftEdge.asset using Guid(8ffc15ca897ef94428428a26ead7bd6d) Importer(815301076,1909f56bfc062723c751e8b465ee728b)  -> (artifact id: 'a8ce04584eeae933f907f9ce9fa89bae') in 0.021020 seconds 
  Import took 0.025601 seconds .

========================================================================
Received Import Request.
  Time since last request: 0.000229 seconds.
  path: Assets/Tiles/fence.asset
  artifactKey: Guid(bb5d933e6627d374c8b68f8c7c95d5c4) Importer(815301076,1909f56bfc062723c751e8b465ee728b)
Start importing Assets/Tiles/fence.asset using Guid(bb5d933e6627d374c8b68f8c7c95d5c4) Importer(815301076,1909f56bfc062723c751e8b465ee728b)  -> (artifact id: '5616c68896e0cff09a51e2ae334f143e') in 0.016618 seconds 
  Import took 0.021100 seconds .

========================================================================
Received Import Request.
  Time since last request: 0.000267 seconds.
  path: Assets/Tiles/TallBuilding.asset
  artifactKey: Guid(49ad221d69f75804d98336ca8956e57e) Importer(815301076,1909f56bfc062723c751e8b465ee728b)
Start importing Assets/Tiles/TallBuilding.asset using Guid(49ad221d69f75804d98336ca8956e57e) Importer(815301076,1909f56bfc062723c751e8b465ee728b)  -> (artifact id: 'ed035239aff655da2561dbda54e6da71') in 0.018545 seconds 
  Import took 0.023214 seconds .

========================================================================
Received Import Request.
  Time since last request: 0.000112 seconds.
  path: Assets/Tiles/MidgroundFiller.asset
  artifactKey: Guid(8187bea14c4d7c849b76ae65d8bd9782) Importer(815301076,1909f56bfc062723c751e8b465ee728b)
Start importing Assets/Tiles/MidgroundFiller.asset using Guid(8187bea14c4d7c849b76ae65d8bd9782) Importer(815301076,1909f56bfc062723c751e8b465ee728b)  -> (artifact id: 'cbd1bdb40e206c384c6f078e19aec006') in 0.015845 seconds 
  Import took 0.020986 seconds .

========================================================================
Received Import Request.
  Time since last request: 0.000243 seconds.
  path: Assets/Tiles/TileFloatingRightEdge.asset
  artifactKey: Guid(ad89c8596ddf81949990df9a40c0168a) Importer(815301076,1909f56bfc062723c751e8b465ee728b)
Start importing Assets/Tiles/TileFloatingRightEdge.asset using Guid(ad89c8596ddf81949990df9a40c0168a) Importer(815301076,1909f56bfc062723c751e8b465ee728b)  -> (artifact id: '94a74e80897889b649cd17718d9dca8c') in 0.020502 seconds 
  Import took 0.025365 seconds .

========================================================================
Received Import Request.
  Time since last request: 0.000206 seconds.
  path: Assets/Tiles/TileGroundDark.asset
  artifactKey: Guid(81d566c374d6f93469d3badfddb41f87) Importer(815301076,1909f56bfc062723c751e8b465ee728b)
Start importing Assets/Tiles/TileGroundDark.asset using Guid(81d566c374d6f93469d3badfddb41f87) Importer(815301076,1909f56bfc062723c751e8b465ee728b)  -> (artifact id: 'd13f7aea6f590c486d8a1e4abbb68dbd') in 0.019896 seconds 
  Import took 0.025755 seconds .

========================================================================
Received Import Request.
  Time since last request: 0.000229 seconds.
  path: Assets/Tiles/midground.asset
  artifactKey: Guid(5b1ed690790872f45abca6cc98ea40b3) Importer(815301076,1909f56bfc062723c751e8b465ee728b)
Start importing Assets/Tiles/midground.asset using Guid(5b1ed690790872f45abca6cc98ea40b3) Importer(815301076,1909f56bfc062723c751e8b465ee728b)  -> (artifact id: 'e9690ab870483730537623108118ec3d') in 0.022548 seconds 
  Import took 0.028770 seconds .

========================================================================
Received Import Request.
  Time since last request: 0.000220 seconds.
  path: Assets/Tiles/ShortBuilding.asset
  artifactKey: Guid(102dda6d7e3be4644bea1fdfea2d37d4) Importer(815301076,1909f56bfc062723c751e8b465ee728b)
Start importing Assets/Tiles/ShortBuilding.asset using Guid(102dda6d7e3be4644bea1fdfea2d37d4) Importer(815301076,1909f56bfc062723c751e8b465ee728b)  -> (artifact id: '7a5b829b5e9e35ca09ac4e8254df2d52') in 0.017935 seconds 
  Import took 0.022198 seconds .

========================================================================
Received Import Request.
  Time since last request: 0.000220 seconds.
  path: Assets/Tiles/house.asset
  artifactKey: Guid(68c5f18a4f480364ea8365252912ecee) Importer(815301076,1909f56bfc062723c751e8b465ee728b)
Start importing Assets/Tiles/house.asset using Guid(68c5f18a4f480364ea8365252912ecee) Importer(815301076,1909f56bfc062723c751e8b465ee728b)  -> (artifact id: 'c178baa5f4f16d34f10a6647db59d713') in 0.019676 seconds 
  Import took 0.025394 seconds .

========================================================================
Received Import Request.
  Time since last request: 0.000248 seconds.
  path: Assets/Tiles/hillside.asset
  artifactKey: Guid(7ce6d6745a4a31040b413bb8d4f7f6e7) Importer(815301076,1909f56bfc062723c751e8b465ee728b)
Start importing Assets/Tiles/hillside.asset using Guid(7ce6d6745a4a31040b413bb8d4f7f6e7) Importer(815301076,1909f56bfc062723c751e8b465ee728b)  -> (artifact id: 'a5fec996e2b400f2c77be19bcf2fa3de') in 0.018124 seconds 
  Import took 0.022778 seconds .

========================================================================
Received Import Request.
  Time since last request: 0.000212 seconds.
  path: Assets/Tiles/TileFloatingTileMiddle.asset
  artifactKey: Guid(fcbf1d913bd6d0a448fa221caa416d43) Importer(815301076,1909f56bfc062723c751e8b465ee728b)
Start importing Assets/Tiles/TileFloatingTileMiddle.asset using Guid(fcbf1d913bd6d0a448fa221caa416d43) Importer(815301076,1909f56bfc062723c751e8b465ee728b)  -> (artifact id: '3f3504998a7c578e5ec5d3f30d479748') in 0.020238 seconds 
  Import took 0.025478 seconds .

========================================================================
Received Import Request.
  Time since last request: 9.258681 seconds.
  path: Assets/Environment/Tiles/cloud.png
  artifactKey: Guid(700b598ed9c16475f833dc3f8a848ba7) Importer(815301076,1909f56bfc062723c751e8b465ee728b)
Start importing Assets/Environment/Tiles/cloud.png using Guid(700b598ed9c16475f833dc3f8a848ba7) Importer(815301076,1909f56bfc062723c751e8b465ee728b)  -> (artifact id: 'c8e78167971c0ca85e4c4c0a36213954') in 0.012837 seconds 
  Import took 0.017726 seconds .

========================================================================
Received Import Request.
  Time since last request: 0.000319 seconds.
  path: Assets/Environment/Tiles/TileFloatingLeftEdge.png
  artifactKey: Guid(4fe24818a6b2541629cad3038853d908) Importer(815301076,1909f56bfc062723c751e8b465ee728b)
Start importing Assets/Environment/Tiles/TileFloatingLeftEdge.png using Guid(4fe24818a6b2541629cad3038853d908) Importer(815301076,1909f56bfc062723c751e8b465ee728b)  -> (artifact id: '8f071b9d913242509de2fc2a95f34efe') in 0.023313 seconds 
  Import took 0.027031 seconds .

========================================================================
Received Import Request.
  Time since last request: 0.000274 seconds.
  path: Assets/Environment/Tiles/house.png
  artifactKey: Guid(8021a483bbfee4494bb11f0cf1bb90bf) Importer(815301076,1909f56bfc062723c751e8b465ee728b)
Start importing Assets/Environment/Tiles/house.png using Guid(8021a483bbfee4494bb11f0cf1bb90bf) Importer(815301076,1909f56bfc062723c751e8b465ee728b)  -> (artifact id: '9f028323f031c221e617142386cb6b26') in 0.022921 seconds 
  Import took 0.026997 seconds .

========================================================================
Received Import Request.
  Time since last request: 0.000236 seconds.
  path: Assets/Environment/Tiles/tree.png
  artifactKey: Guid(bc567a15625ed46c78d8c3653d3d446c) Importer(815301076,1909f56bfc062723c751e8b465ee728b)
Start importing Assets/Environment/Tiles/tree.png using Guid(bc567a15625ed46c78d8c3653d3d446c) Importer(815301076,1909f56bfc062723c751e8b465ee728b)  -> (artifact id: '6fdda4ad4b68df1d14f7a276c5633a4a') in 0.021448 seconds 
  Import took 0.026890 seconds .

========================================================================
Received Import Request.
  Time since last request: 0.000224 seconds.
  path: Assets/Environment/Tiles/TileGroundTop.png
  artifactKey: Guid(db5ae4c60c2264eb88d32cdb06e1f858) Importer(815301076,1909f56bfc062723c751e8b465ee728b)
Start importing Assets/Environment/Tiles/TileGroundTop.png using Guid(db5ae4c60c2264eb88d32cdb06e1f858) Importer(815301076,1909f56bfc062723c751e8b465ee728b)  -> (artifact id: 'd029cd5f2bc40aab44009bbf5930e8d1') in 0.035159 seconds 
  Import took 0.039739 seconds .

========================================================================
Received Import Request.
  Time since last request: 0.000236 seconds.
  path: Assets/Environment/Tiles/midground.png
  artifactKey: Guid(dfe8cc17c5361498c90aec6087a4ccc0) Importer(815301076,1909f56bfc062723c751e8b465ee728b)
Start importing Assets/Environment/Tiles/midground.png using Guid(dfe8cc17c5361498c90aec6087a4ccc0) Importer(815301076,1909f56bfc062723c751e8b465ee728b)  -> (artifact id: 'ee9a44d2a551ce1708f9345b049aacce') in 0.024856 seconds 
  Import took 0.029837 seconds .

========================================================================
Received Import Request.
  Time since last request: 0.000240 seconds.
  path: Assets/Environment/Tiles/mountains.png
  artifactKey: Guid(fec4d86a327db4cd3b224f893cf7b1a3) Importer(815301076,1909f56bfc062723c751e8b465ee728b)
Start importing Assets/Environment/Tiles/mountains.png using Guid(fec4d86a327db4cd3b224f893cf7b1a3) Importer(815301076,1909f56bfc062723c751e8b465ee728b)  -> (artifact id: '59c56a4a62ed463e3f32afdb28cf31d6') in 0.022203 seconds 
  Import took 0.026804 seconds .

========================================================================
Received Import Request.
  Time since last request: 0.000402 seconds.
  path: Assets/Environment/Tiles/TallBuilding.png
  artifactKey: Guid(463f5cb78d0a54b0c9ccc094f0e51d48) Importer(815301076,1909f56bfc062723c751e8b465ee728b)
Start importing Assets/Environment/Tiles/TallBuilding.png using Guid(463f5cb78d0a54b0c9ccc094f0e51d48) Importer(815301076,1909f56bfc062723c751e8b465ee728b)  -> (artifact id: '637b27081fb63a2363d42d26dabc67af') in 0.024997 seconds 
  Import took 0.029795 seconds .

========================================================================
Received Import Request.
  Time since last request: 0.000263 seconds.
  path: Assets/Environment/Tiles/TileGround.png
  artifactKey: Guid(4dd86eb519e244138a3c3980624ddb4f) Importer(815301076,1909f56bfc062723c751e8b465ee728b)
Start importing Assets/Environment/Tiles/TileGround.png using Guid(4dd86eb519e244138a3c3980624ddb4f) Importer(815301076,1909f56bfc062723c751e8b465ee728b)  -> (artifact id: '99ce2521bb505c1808ec788f9c5fe9cc') in 0.019800 seconds 
  Import took 0.025736 seconds .

========================================================================
Received Import Request.
  Time since last request: 0.000246 seconds.
  path: Assets/Environment/Tiles/TileFloatingMiddle.png
  artifactKey: Guid(622f546155da24743a8fd7300873f890) Importer(815301076,1909f56bfc062723c751e8b465ee728b)
Start importing Assets/Environment/Tiles/TileFloatingMiddle.png using Guid(622f546155da24743a8fd7300873f890) Importer(815301076,1909f56bfc062723c751e8b465ee728b)  -> (artifact id: 'd8617341756fb52b65ad7c9bbebaea06') in 0.022708 seconds 
  Import took 0.028612 seconds .

========================================================================
Received Import Request.
  Time since last request: 0.000359 seconds.
  path: Assets/Environment/Tiles/fence.png
  artifactKey: Guid(1d6ac65bd350c4ac98b48f1045728a88) Importer(815301076,1909f56bfc062723c751e8b465ee728b)
Start importing Assets/Environment/Tiles/fence.png using Guid(1d6ac65bd350c4ac98b48f1045728a88) Importer(815301076,1909f56bfc062723c751e8b465ee728b)  -> (artifact id: '1a4beb0059cbb9ea0d75343f4835feb0') in 0.021443 seconds 
  Import took 0.026411 seconds .

========================================================================
Received Import Request.
  Time since last request: 0.000242 seconds.
  path: Assets/Environment/Tiles/hillside.png
  artifactKey: Guid(38c40ae98d664442db21ae817074aae2) Importer(815301076,1909f56bfc062723c751e8b465ee728b)
Start importing Assets/Environment/Tiles/hillside.png using Guid(38c40ae98d664442db21ae817074aae2) Importer(815301076,1909f56bfc062723c751e8b465ee728b)  -> (artifact id: 'ce54292f686099b833741005bf17dfae') in 0.022833 seconds 
  Import took 0.027357 seconds .

========================================================================
Received Import Request.
  Time since last request: 0.000216 seconds.
  path: Assets/Environment/Tiles/ShortBuilding.png
  artifactKey: Guid(3ffe88646fa814b14af9bbff9faff3f2) Importer(815301076,1909f56bfc062723c751e8b465ee728b)
Start importing Assets/Environment/Tiles/ShortBuilding.png using Guid(3ffe88646fa814b14af9bbff9faff3f2) Importer(815301076,1909f56bfc062723c751e8b465ee728b)  -> (artifact id: '9e76627f47909aba52dad8c7601dbf21') in 0.022116 seconds 
  Import took 0.027525 seconds .

========================================================================
Received Import Request.
  Time since last request: 0.000251 seconds.
  path: Assets/Environment/Tiles/plant.png
  artifactKey: Guid(e08c42706db6e44aca973ecf98f3e0b3) Importer(815301076,1909f56bfc062723c751e8b465ee728b)
Start importing Assets/Environment/Tiles/plant.png using Guid(e08c42706db6e44aca973ecf98f3e0b3) Importer(815301076,1909f56bfc062723c751e8b465ee728b)  -> (artifact id: 'ec2b55e0fd1d75718308dccafe405393') in 0.020917 seconds 
  Import took 0.025304 seconds .

========================================================================
Received Import Request.
  Time since last request: 0.000296 seconds.
  path: Assets/Environment/Tiles/TileFloatingRightEdge.png
  artifactKey: Guid(e24334b602b4d401a8b95a58dbac51f7) Importer(815301076,1909f56bfc062723c751e8b465ee728b)
Start importing Assets/Environment/Tiles/TileFloatingRightEdge.png using Guid(e24334b602b4d401a8b95a58dbac51f7) Importer(815301076,1909f56bfc062723c751e8b465ee728b)  -> (artifact id: '9b6a46664ad470d98761f354611bb126') in 0.023744 seconds 
  Import took 0.027939 seconds .

========================================================================
Received Import Request.
  Time since last request: 8.328234 seconds.
  path: Assets/Tutorials/PlatformerIcon.png
  artifactKey: Guid(f792378c1b6aa4c3c95bb1c9e55cd7d7) Importer(815301076,1909f56bfc062723c751e8b465ee728b)
Start importing Assets/Tutorials/PlatformerIcon.png using Guid(f792378c1b6aa4c3c95bb1c9e55cd7d7) Importer(815301076,1909f56bfc062723c751e8b465ee728b)  -> (artifact id: '12329f5b3db4088e9e3f52c8caa81746') in 0.024601 seconds 
  Import took 0.029456 seconds .

========================================================================
Received Import Request.
  Time since last request: 0.000229 seconds.
  path: Assets/Tutorials/Pop.aiff
  artifactKey: Guid(93fbb109633e844259ea828442bda0cb) Importer(815301076,1909f56bfc062723c751e8b465ee728b)
Start importing Assets/Tutorials/Pop.aiff using Guid(93fbb109633e844259ea828442bda0cb) Importer(815301076,1909f56bfc062723c751e8b465ee728b)  -> (artifact id: '905b3e4382e855f253cbe68181bbce53') in 0.097441 seconds 
  Import took 0.102319 seconds .

========================================================================
Received Import Request.
  Time since last request: 0.141654 seconds.
  path: Assets/Tutorials/Tutorial Project Settings.asset
  artifactKey: Guid(82ccda3adf0ba49e1ba86e30edff0cc5) Importer(815301076,1909f56bfc062723c751e8b465ee728b)
Start importing Assets/Tutorials/Tutorial Project Settings.asset using Guid(82ccda3adf0ba49e1ba86e30edff0cc5) Importer(815301076,1909f56bfc062723c751e8b465ee728b)  -> (artifact id: 'd73d27c7e41037c14e0d047ffa3f7776') in 0.338312 seconds 
  Import took 0.343856 seconds .

========================================================================
Received Import Request.
  Time since last request: 0.000222 seconds.
  path: Assets/Tutorials/Tutorials.asset
  artifactKey: Guid(977fb762f450240fd9006b8153a0f534) Importer(815301076,1909f56bfc062723c751e8b465ee728b)
Start importing Assets/Tutorials/Tutorials.asset using Guid(977fb762f450240fd9006b8153a0f534) Importer(815301076,1909f56bfc062723c751e8b465ee728b)  -> (artifact id: '5e929e20f62d00abe3b2b6aebc772874') in 0.273531 seconds 
  Import took 0.278317 seconds .

========================================================================
Received Import Request.
  Time since last request: 0.000228 seconds.
  path: Assets/Tutorials/TutorialHeader.png
  artifactKey: Guid(5384282a0273144fa9333beb77183cb4) Importer(815301076,1909f56bfc062723c751e8b465ee728b)
Start importing Assets/Tutorials/TutorialHeader.png using Guid(5384282a0273144fa9333beb77183cb4) Importer(815301076,1909f56bfc062723c751e8b465ee728b)  -> (artifact id: 'bd92f6ae870e415ebe3454cb0be5ae33') in 0.021406 seconds 
  Import took 0.025700 seconds .

========================================================================
Received Import Request.
  Time since last request: 0.000173 seconds.
  path: Assets/Tutorials/WelcomeDialog.asset
  artifactKey: Guid(c4fddd74b608848c6871b3b0f762ff1d) Importer(815301076,1909f56bfc062723c751e8b465ee728b)
Start importing Assets/Tutorials/WelcomeDialog.asset using Guid(c4fddd74b608848c6871b3b0f762ff1d) Importer(815301076,1909f56bfc062723c751e8b465ee728b)  -> (artifact id: '60fe187c9dffac74a460dc700f3d0cbd') in 0.016175 seconds 
  Import took 0.020640 seconds .

========================================================================
Received Import Request.
  Time since last request: 0.000220 seconds.
  path: Assets/Tutorials/Unity.Platformer.Tutorials.asmdef
  artifactKey: Guid(31dfa4f98b707e143912a08d1b696719) Importer(815301076,1909f56bfc062723c751e8b465ee728b)
Start importing Assets/Tutorials/Unity.Platformer.Tutorials.asmdef using Guid(31dfa4f98b707e143912a08d1b696719) Importer(815301076,1909f56bfc062723c751e8b465ee728b)  -> (artifact id: 'd893e7014a1bf01ea36d38249ee73519') in 0.015630 seconds 
  Import took 0.019481 seconds .

========================================================================
Received Import Request.
  Time since last request: 0.000222 seconds.
  path: Assets/Tutorials/WelcomeDialogArt.png
  artifactKey: Guid(4c7cbe18ed8044725bafa532fbd5ec8e) Importer(815301076,1909f56bfc062723c751e8b465ee728b)
Start importing Assets/Tutorials/WelcomeDialogArt.png using Guid(4c7cbe18ed8044725bafa532fbd5ec8e) Importer(815301076,1909f56bfc062723c751e8b465ee728b)  -> (artifact id: '40154c149afa7f15b0f6bb549e1abedc') in 0.019654 seconds 
  Import took 0.024666 seconds .

========================================================================
Received Import Request.
  Time since last request: 0.000351 seconds.
  path: Assets/Tutorials/TutorialCallbacks.asset
  artifactKey: Guid(25807e83b802152438a49f8e07814842) Importer(815301076,1909f56bfc062723c751e8b465ee728b)
Start importing Assets/Tutorials/TutorialCallbacks.asset using Guid(25807e83b802152438a49f8e07814842) Importer(815301076,1909f56bfc062723c751e8b465ee728b)  -> (artifact id: '951fafe3122e528ddc4b3b7fc274928c') in 0.011672 seconds 
  Import took 0.016655 seconds .

AssetImportWorkerClient::OnTransportError - code=2 error=End of file
