Using pre-set license
Built from '2020.3/staging' branch; Version is '2020.3.18f1 (a7d1c678663c) revision 10998214'; Using compiler version '192528614'; Build Type 'Release'
OS: 'Windows 10 Home; OS build 19042.1237; Version 2009; 64bit' Language: 'en' Physical Memory: 10159 MB
BatchMode: 1, IsHumanControllingUs: 0, StartBugReporterOnCrash: 0, Is64bit: 1, IsPro: 0

COMMAND LINE ARGUMENTS:
C:\2020.3.18f1\Editor\Unity.exe
-adb2
-batchMode
-noUpm
-name
AssetImportWorker1
-projectPath
C:/Game Developement/cosc/action-platformer
-logFile
Logs/AssetImportWorker1.log
-srvPort
58922
Successfully changed project path to: C:/Game Developement/cosc/action-platformer
C:/Game Developement/cosc/action-platformer
Using Asset Import Pipeline V2.
Refreshing native plugins compatible for Editor in 94.38 ms, found 2 plugins.
Preloading 0 native plugins for Editor in 0.00 ms.
Initialize engine version: 2020.3.18f1 (a7d1c678663c)
[Subsystems] Discovering subsystems at path C:/2020.3.18f1/Editor/Data/Resources/UnitySubsystems
[Subsystems] Discovering subsystems at path C:/Game Developement/cosc/action-platformer/Assets
GfxDevice: creating device client; threaded=0
Direct3D:
    Version:  Direct3D 11.0 [level 11.1]
    Renderer: AMD Radeon(TM) Graphics (ID=0x15d8)
    Vendor:   
    VRAM:     5079 MB
    Driver:   27.20.21030.1005
Initialize mono
Mono path[0] = 'C:/2020.3.18f1/Editor/Data/Managed'
Mono path[1] = 'C:/2020.3.18f1/Editor/Data/MonoBleedingEdge/lib/mono/unityjit'
Mono config path = 'C:/2020.3.18f1/Editor/Data/MonoBleedingEdge/etc'
Using monoOptions --debugger-agent=transport=dt_socket,embedding=1,server=y,suspend=n,address=127.0.0.1:56888
Begin MonoManager ReloadAssembly
Registering precompiled unity dll's ...
Register platform support module: C:/2020.3.18f1/Editor/Data/PlaybackEngines/WindowsStandaloneSupport/UnityEditor.WindowsStandalone.Extensions.dll
Register platform support module: C:/2020.3.18f1/Editor/Data/PlaybackEngines/LinuxStandaloneSupport/UnityEditor.LinuxStandalone.Extensions.dll
Registered in 0.006294 seconds.
Native extension for LinuxStandalone target not found
Native extension for WindowsStandalone target not found
Refreshing native plugins compatible for Editor in 101.03 ms, found 2 plugins.
Preloading 0 native plugins for Editor in 0.00 ms.
Mono: successfully reloaded assembly
- Completed reload, in  4.587 seconds
Domain Reload Profiling:
	ReloadAssembly (4587ms)
		BeginReloadAssembly (127ms)
			ExecutionOrderSort (0ms)
			DisableScriptedObjects (0ms)
			BackupInstance (0ms)
			ReleaseScriptingObjects (0ms)
			CreateAndSetChildDomain (2ms)
		EndReloadAssembly (922ms)
			LoadAssemblies (122ms)
			RebuildTransferFunctionScriptingTraits (0ms)
			SetupTypeCache (333ms)
			ReleaseScriptCaches (0ms)
			RebuildScriptCaches (58ms)
			SetupLoadedEditorAssemblies (372ms)
				LogAssemblyErrors (0ms)
				InitializePlatformSupportModulesInManaged (13ms)
				SetLoadedEditorAssemblies (1ms)
				RefreshPlugins (101ms)
				BeforeProcessingInitializeOnLoad (21ms)
				ProcessInitializeOnLoadAttributes (178ms)
				ProcessInitializeOnLoadMethodAttributes (58ms)
				AfterProcessingInitializeOnLoad (0ms)
				EditorAssembliesLoaded (0ms)
			ExecutionOrderSort2 (0ms)
			AwakeInstancesAfterBackupRestoration (0ms)
Platform modules already initialized, skipping
Registering precompiled user dll's ...
Registered in 0.008701 seconds.
Begin MonoManager ReloadAssembly
Native extension for LinuxStandalone target not found
Native extension for WindowsStandalone target not found
Refreshing native plugins compatible for Editor in 1.82 ms, found 2 plugins.
Preloading 0 native plugins for Editor in 0.00 ms.
Mono: successfully reloaded assembly
- Completed reload, in  2.865 seconds
Domain Reload Profiling:
	ReloadAssembly (2867ms)
		BeginReloadAssembly (319ms)
			ExecutionOrderSort (0ms)
			DisableScriptedObjects (9ms)
			BackupInstance (0ms)
			ReleaseScriptingObjects (0ms)
			CreateAndSetChildDomain (44ms)
		EndReloadAssembly (2366ms)
			LoadAssemblies (313ms)
			RebuildTransferFunctionScriptingTraits (0ms)
			SetupTypeCache (871ms)
			ReleaseScriptCaches (1ms)
			RebuildScriptCaches (122ms)
			SetupLoadedEditorAssemblies (806ms)
				LogAssemblyErrors (0ms)
				InitializePlatformSupportModulesInManaged (17ms)
				SetLoadedEditorAssemblies (1ms)
				RefreshPlugins (2ms)
				BeforeProcessingInitializeOnLoad (152ms)
				ProcessInitializeOnLoadAttributes (589ms)
				ProcessInitializeOnLoadMethodAttributes (28ms)
				AfterProcessingInitializeOnLoad (17ms)
				EditorAssembliesLoaded (1ms)
			ExecutionOrderSort2 (0ms)
			AwakeInstancesAfterBackupRestoration (14ms)
Platform modules already initialized, skipping
========================================================================
Worker process is ready to serve import requests
Launched and connected shader compiler UnityShaderCompiler.exe after 0.15 seconds
Refreshing native plugins compatible for Editor in 1.87 ms, found 2 plugins.
Preloading 0 native plugins for Editor in 0.00 ms.
Unloading 1950 Unused Serialized files (Serialized files now loaded: 0)
System memory in use before: 90.9 MB.
System memory in use after: 91.0 MB.

Unloading 22 unused Assets to reduce memory usage. Loaded Objects now: 2388.
Total: 14.442100 ms (FindLiveObjects: 0.783000 ms CreateObjectMapping: 0.583600 ms MarkObjects: 12.854400 ms  DeleteObjects: 0.217800 ms)

AssetImportParameters requested are different than current active one (requested -> active):
  custom:framework-win-MediaFoundation: 216162199b28c13a410421893ffa2e32 -> 
  custom:video-decoder-ogg-theora: a1e56fd34408186e4bbccfd4996cb3dc -> 
  custom:container-muxer-webm: aa71ff27fc2769a1b78a27578f13a17b -> 
  custom:container-demuxer-webm: 4f35f7cbe854078d1ac9338744f61a02 -> 
  custom:container-demuxer-ogg: 62fdf1f143b41e24485cea50d1cbac27 -> 
  custom:video-encoder-webm-vp8: eb34c28f22e8b96e1ab97ce403110664 -> 
  custom:video-decoder-webm-vp8: 9c59270c3fd7afecdb556c50c9e8de78 -> 
  custom:audio-decoder-ogg-vorbis: bf7c407c2cedff20999df2af8eb42d56 -> 
  custom:audio-encoder-webm-vorbis: bf7c407c2cedff20999df2af8eb42d56 -> 
========================================================================
Received Import Request.
  path: Assets/Scenes/Scene_ShootingEnemy.unity
  artifactKey: Guid(d2bd939890b815c45814ca33c8750bd2) Importer(815301076,1909f56bfc062723c751e8b465ee728b)
Start importing Assets/Scenes/Scene_ShootingEnemy.unity using Guid(d2bd939890b815c45814ca33c8750bd2) Importer(815301076,1909f56bfc062723c751e8b465ee728b)  -> (artifact id: '1ee4011ff221b7fc9909f21137cf3e43') in 0.077291 seconds 
  Import took 0.091108 seconds .

========================================================================
Received Import Request.
  Time since last request: 27.238358 seconds.
  path: Assets/Mod Assets/Environment Sprites Colored/Gold/cloud_yellow.png
  artifactKey: Guid(2dd0df57bd14741b5a32f78ba307976a) Importer(815301076,1909f56bfc062723c751e8b465ee728b)
Start importing Assets/Mod Assets/Environment Sprites Colored/Gold/cloud_yellow.png using Guid(2dd0df57bd14741b5a32f78ba307976a) Importer(815301076,1909f56bfc062723c751e8b465ee728b)  -> (artifact id: '101a43d8a56afa0ea180fef9809025e0') in 0.358827 seconds 
  Import took 0.378505 seconds .

========================================================================
Received Import Request.
  Time since last request: 0.000579 seconds.
  path: Assets/Mod Assets/Environment Sprites Colored/Gold/plant_yellow.png
  artifactKey: Guid(b18572fb181224b5f98fff26efe9be59) Importer(815301076,1909f56bfc062723c751e8b465ee728b)
Start importing Assets/Mod Assets/Environment Sprites Colored/Gold/plant_yellow.png using Guid(b18572fb181224b5f98fff26efe9be59) Importer(815301076,1909f56bfc062723c751e8b465ee728b)  -> (artifact id: 'afd852b46ab8a38fc811e3ebc22ddd5a') in 0.138387 seconds 
  Import took 0.149416 seconds .

========================================================================
Received Import Request.
  Time since last request: 0.000818 seconds.
  path: Assets/Mod Assets/Environment Sprites Colored/Gold/MidgroundFiller_yellow.png
  artifactKey: Guid(9f045422c06564ca2b167e3b6c363f9b) Importer(815301076,1909f56bfc062723c751e8b465ee728b)
Start importing Assets/Mod Assets/Environment Sprites Colored/Gold/MidgroundFiller_yellow.png using Guid(9f045422c06564ca2b167e3b6c363f9b) Importer(815301076,1909f56bfc062723c751e8b465ee728b)  -> (artifact id: 'd54b9e426b6fa669577294db08f7d4ff') in 0.106732 seconds 
  Import took 0.120986 seconds .

========================================================================
Received Import Request.
  Time since last request: 0.000496 seconds.
  path: Assets/Mod Assets/Environment Sprites Colored/Gold/TileGround_yellow.png
  artifactKey: Guid(a756bb41a63604503aabac85828cfb9a) Importer(815301076,1909f56bfc062723c751e8b465ee728b)
Start importing Assets/Mod Assets/Environment Sprites Colored/Gold/TileGround_yellow.png using Guid(a756bb41a63604503aabac85828cfb9a) Importer(815301076,1909f56bfc062723c751e8b465ee728b)  -> (artifact id: 'ec5b65e3fe22f2c43535cc517a5fb8b1') in 0.106820 seconds 
  Import took 0.118905 seconds .

========================================================================
Received Import Request.
  Time since last request: 0.000573 seconds.
  path: Assets/Mod Assets/Environment Sprites Colored/Gold/hillside_yellow.png
  artifactKey: Guid(63837c03a5ce14ab6a838538b34e2cbc) Importer(815301076,1909f56bfc062723c751e8b465ee728b)
Start importing Assets/Mod Assets/Environment Sprites Colored/Gold/hillside_yellow.png using Guid(63837c03a5ce14ab6a838538b34e2cbc) Importer(815301076,1909f56bfc062723c751e8b465ee728b)  -> (artifact id: '0b47137b931a4cd9ca70c6c2177724e3') in 0.119533 seconds 
  Import took 0.129869 seconds .

========================================================================
Received Import Request.
  Time since last request: 0.000629 seconds.
  path: Assets/Mod Assets/Environment Sprites Colored/Gold/TileFloatingLeftEdge_yellow.png
  artifactKey: Guid(063518b347e5845d0805939bace5d955) Importer(815301076,1909f56bfc062723c751e8b465ee728b)
Start importing Assets/Mod Assets/Environment Sprites Colored/Gold/TileFloatingLeftEdge_yellow.png using Guid(063518b347e5845d0805939bace5d955) Importer(815301076,1909f56bfc062723c751e8b465ee728b)  -> (artifact id: '2c7d44c05e03af5b3b0379fcc8b1648a') in 0.132177 seconds 
  Import took 0.159635 seconds .

========================================================================
Received Import Request.
  Time since last request: 0.000392 seconds.
  path: Assets/Mod Assets/Environment Sprites Colored/Gold/house_yellow.png
  artifactKey: Guid(1b39e21257fc5444e969873386604730) Importer(815301076,1909f56bfc062723c751e8b465ee728b)
Start importing Assets/Mod Assets/Environment Sprites Colored/Gold/house_yellow.png using Guid(1b39e21257fc5444e969873386604730) Importer(815301076,1909f56bfc062723c751e8b465ee728b)  -> (artifact id: 'e4c2885f01b1bf12783c9321d2f77e7f') in 0.077788 seconds 
  Import took 0.084646 seconds .

========================================================================
Received Import Request.
  Time since last request: 0.000425 seconds.
  path: Assets/Mod Assets/Environment Sprites Colored/Gold/midground_yellow.png
  artifactKey: Guid(b4bb429f148e643daac42b9aedbf9780) Importer(815301076,1909f56bfc062723c751e8b465ee728b)
Start importing Assets/Mod Assets/Environment Sprites Colored/Gold/midground_yellow.png using Guid(b4bb429f148e643daac42b9aedbf9780) Importer(815301076,1909f56bfc062723c751e8b465ee728b)  -> (artifact id: '2a4f710c051a510bd8188bf37af07d42') in 0.066490 seconds 
  Import took 0.074312 seconds .

========================================================================
Received Import Request.
  Time since last request: 0.000412 seconds.
  path: Assets/Mod Assets/Environment Sprites Colored/Gold/TileGroundDark_yellow.png
  artifactKey: Guid(9eb3ad597fdfd4d7e80626429e04a7b1) Importer(815301076,1909f56bfc062723c751e8b465ee728b)
Start importing Assets/Mod Assets/Environment Sprites Colored/Gold/TileGroundDark_yellow.png using Guid(9eb3ad597fdfd4d7e80626429e04a7b1) Importer(815301076,1909f56bfc062723c751e8b465ee728b)  -> (artifact id: '21c782aebb6c383405e6af8efefd7c36') in 0.053110 seconds 
  Import took 0.059607 seconds .

========================================================================
Received Import Request.
  Time since last request: 0.000434 seconds.
  path: Assets/Mod Assets/Environment Sprites Colored/Gold/fence_yellow.png
  artifactKey: Guid(c3a509627b36e426897fff62e8c1f553) Importer(815301076,1909f56bfc062723c751e8b465ee728b)
Start importing Assets/Mod Assets/Environment Sprites Colored/Gold/fence_yellow.png using Guid(c3a509627b36e426897fff62e8c1f553) Importer(815301076,1909f56bfc062723c751e8b465ee728b)  -> (artifact id: '746ef57be260ee4893b9195114fb077f') in 0.059068 seconds 
  Import took 0.068193 seconds .

========================================================================
Received Import Request.
  Time since last request: 0.001356 seconds.
  path: Assets/Mod Assets/Environment Sprites Colored/Gold/ShortBuilding_yellow.png
  artifactKey: Guid(26a73491373bd4d21a8319a08156a761) Importer(815301076,1909f56bfc062723c751e8b465ee728b)
Start importing Assets/Mod Assets/Environment Sprites Colored/Gold/ShortBuilding_yellow.png using Guid(26a73491373bd4d21a8319a08156a761) Importer(815301076,1909f56bfc062723c751e8b465ee728b)  -> (artifact id: 'ddade2b956b2efb6458ed8cc9bd55bef') in 0.056006 seconds 
  Import took 0.062805 seconds .

========================================================================
Received Import Request.
  Time since last request: 0.000393 seconds.
  path: Assets/Mod Assets/Environment Sprites Colored/Gold/mountains_yellow.png
  artifactKey: Guid(6c353affb06544bdfad3cf0a741ec8cf) Importer(815301076,1909f56bfc062723c751e8b465ee728b)
Start importing Assets/Mod Assets/Environment Sprites Colored/Gold/mountains_yellow.png using Guid(6c353affb06544bdfad3cf0a741ec8cf) Importer(815301076,1909f56bfc062723c751e8b465ee728b)  -> (artifact id: '7a6ef5aac6540753394ed2cbce8c5375') in 0.060246 seconds 
  Import took 0.067816 seconds .

========================================================================
Received Import Request.
  Time since last request: 0.000386 seconds.
  path: Assets/Mod Assets/Environment Sprites Colored/Gold/TileFloatingRightEdge_yellow.png
  artifactKey: Guid(64a8a5bb0573d4187b0b23d2f26e3fef) Importer(815301076,1909f56bfc062723c751e8b465ee728b)
Start importing Assets/Mod Assets/Environment Sprites Colored/Gold/TileFloatingRightEdge_yellow.png using Guid(64a8a5bb0573d4187b0b23d2f26e3fef) Importer(815301076,1909f56bfc062723c751e8b465ee728b)  -> (artifact id: '6c3cb781e681bb82aaf50daf408f6460') in 0.059456 seconds 
  Import took 0.066542 seconds .

========================================================================
Received Import Request.
  Time since last request: 0.000572 seconds.
  path: Assets/Mod Assets/Environment Sprites Colored/Gold/TileFloatingMiddle_yellow.png
  artifactKey: Guid(d9cff7e11cbfa4b07a36c8b319414af3) Importer(815301076,1909f56bfc062723c751e8b465ee728b)
Start importing Assets/Mod Assets/Environment Sprites Colored/Gold/TileFloatingMiddle_yellow.png using Guid(d9cff7e11cbfa4b07a36c8b319414af3) Importer(815301076,1909f56bfc062723c751e8b465ee728b)  -> (artifact id: '6fe771d5a0f397a3042831ff9cea08a5') in 0.056829 seconds 
  Import took 0.064146 seconds .

========================================================================
Received Import Request.
  Time since last request: 0.000378 seconds.
  path: Assets/Mod Assets/Environment Sprites Colored/Gold/TileGroundTop_yellow.png
  artifactKey: Guid(64814a8d749cd4fb096743f22a469411) Importer(815301076,1909f56bfc062723c751e8b465ee728b)
Start importing Assets/Mod Assets/Environment Sprites Colored/Gold/TileGroundTop_yellow.png using Guid(64814a8d749cd4fb096743f22a469411) Importer(815301076,1909f56bfc062723c751e8b465ee728b)  -> (artifact id: 'bfbbff92535ca7149741ffa94fc63cf1') in 0.056848 seconds 
  Import took 0.065054 seconds .

========================================================================
Received Import Request.
  Time since last request: 0.000559 seconds.
  path: Assets/Mod Assets/Environment Sprites Colored/Gold/tree_yellow.png
  artifactKey: Guid(4f84e26e1d9ee4aa4ba25466ad58f920) Importer(815301076,1909f56bfc062723c751e8b465ee728b)
Start importing Assets/Mod Assets/Environment Sprites Colored/Gold/tree_yellow.png using Guid(4f84e26e1d9ee4aa4ba25466ad58f920) Importer(815301076,1909f56bfc062723c751e8b465ee728b)  -> (artifact id: '9198d563cf9935f235f872c180e84c47') in 0.061338 seconds 
  Import took 0.071545 seconds .

========================================================================
Received Import Request.
  Time since last request: 0.000393 seconds.
  path: Assets/Mod Assets/Environment Sprites Colored/Gold/TallBuilding_yellow.png
  artifactKey: Guid(3d6b1d1fd20464510a7cf17ae128e411) Importer(815301076,1909f56bfc062723c751e8b465ee728b)
Start importing Assets/Mod Assets/Environment Sprites Colored/Gold/TallBuilding_yellow.png using Guid(3d6b1d1fd20464510a7cf17ae128e411) Importer(815301076,1909f56bfc062723c751e8b465ee728b)  -> (artifact id: '2640752212b5361e3a3ffcf03941b772') in 0.065272 seconds 
  Import took 0.072616 seconds .

========================================================================
Received Import Request.
  Time since last request: 3.645479 seconds.
  path: Assets/Mod Assets/Environment Sprites Colored/Brown/cloud_brown.png
  artifactKey: Guid(aceab528aad394768a4d9a61af903866) Importer(815301076,1909f56bfc062723c751e8b465ee728b)
Start importing Assets/Mod Assets/Environment Sprites Colored/Brown/cloud_brown.png using Guid(aceab528aad394768a4d9a61af903866) Importer(815301076,1909f56bfc062723c751e8b465ee728b)  -> (artifact id: 'a851930b2844f1a4d64f1aff44ca1508') in 0.045746 seconds 
  Import took 0.054194 seconds .

========================================================================
Received Import Request.
  Time since last request: 0.000469 seconds.
  path: Assets/Mod Assets/Environment Sprites Colored/Brown/TallBuilding_brown.png
  artifactKey: Guid(3c36b4c486ce84b388f40e751ed0edb1) Importer(815301076,1909f56bfc062723c751e8b465ee728b)
Start importing Assets/Mod Assets/Environment Sprites Colored/Brown/TallBuilding_brown.png using Guid(3c36b4c486ce84b388f40e751ed0edb1) Importer(815301076,1909f56bfc062723c751e8b465ee728b)  -> (artifact id: 'e53f446b06bc363b70174047020eb432') in 0.066059 seconds 
  Import took 0.072700 seconds .

========================================================================
Received Import Request.
  Time since last request: 0.000503 seconds.
  path: Assets/Mod Assets/Environment Sprites Colored/Brown/TileFloatingMiddle_red.png
  artifactKey: Guid(7d8817ae1a4704d98a8779961624e73a) Importer(815301076,1909f56bfc062723c751e8b465ee728b)
Start importing Assets/Mod Assets/Environment Sprites Colored/Brown/TileFloatingMiddle_red.png using Guid(7d8817ae1a4704d98a8779961624e73a) Importer(815301076,1909f56bfc062723c751e8b465ee728b)  -> (artifact id: '171461207d08d1517f73146bbb1481d2') in 0.068267 seconds 
  Import took 0.075223 seconds .

========================================================================
Received Import Request.
  Time since last request: 0.000384 seconds.
  path: Assets/Mod Assets/Environment Sprites Colored/Brown/TileFloatingRightEdge_red.png
  artifactKey: Guid(87091fe565c594eb189a1b1b23436b5f) Importer(815301076,1909f56bfc062723c751e8b465ee728b)
Start importing Assets/Mod Assets/Environment Sprites Colored/Brown/TileFloatingRightEdge_red.png using Guid(87091fe565c594eb189a1b1b23436b5f) Importer(815301076,1909f56bfc062723c751e8b465ee728b)  -> (artifact id: 'b2d6bc010431b72342993521cfbf3ff4') in 0.060804 seconds 
  Import took 0.069575 seconds .

========================================================================
Received Import Request.
  Time since last request: 0.000714 seconds.
  path: Assets/Mod Assets/Environment Sprites Colored/Brown/ShortBuilding_brown.png
  artifactKey: Guid(37719dc0252754cf0bb37916ddde06c3) Importer(815301076,1909f56bfc062723c751e8b465ee728b)
Start importing Assets/Mod Assets/Environment Sprites Colored/Brown/ShortBuilding_brown.png using Guid(37719dc0252754cf0bb37916ddde06c3) Importer(815301076,1909f56bfc062723c751e8b465ee728b)  -> (artifact id: '2ecff1ba5d7f6084bfc72cb3d3a95b51') in 0.065350 seconds 
  Import took 0.074079 seconds .

========================================================================
Received Import Request.
  Time since last request: 0.000396 seconds.
  path: Assets/Mod Assets/Environment Sprites Colored/Brown/plant_brown.png
  artifactKey: Guid(b4fcf44bc5f874f889c65047797f64b0) Importer(815301076,1909f56bfc062723c751e8b465ee728b)
Start importing Assets/Mod Assets/Environment Sprites Colored/Brown/plant_brown.png using Guid(b4fcf44bc5f874f889c65047797f64b0) Importer(815301076,1909f56bfc062723c751e8b465ee728b)  -> (artifact id: 'b77d4a6045d3eca0f8f373e43c4839f7') in 0.061763 seconds 
  Import took 0.068644 seconds .

========================================================================
Received Import Request.
  Time since last request: 0.000391 seconds.
  path: Assets/Mod Assets/Environment Sprites Colored/Brown/fence_brown.png
  artifactKey: Guid(0d92e8a89df6b4e80a4182cd76ec42b1) Importer(815301076,1909f56bfc062723c751e8b465ee728b)
Start importing Assets/Mod Assets/Environment Sprites Colored/Brown/fence_brown.png using Guid(0d92e8a89df6b4e80a4182cd76ec42b1) Importer(815301076,1909f56bfc062723c751e8b465ee728b)  -> (artifact id: '377ba6a938f44b39327f38f8f7465bd5') in 0.057996 seconds 
  Import took 0.064164 seconds .

========================================================================
Received Import Request.
  Time since last request: 0.000378 seconds.
  path: Assets/Mod Assets/Environment Sprites Colored/Brown/midground_brown.png
  artifactKey: Guid(be24990b5509a4523ada538f9679ac39) Importer(815301076,1909f56bfc062723c751e8b465ee728b)
Start importing Assets/Mod Assets/Environment Sprites Colored/Brown/midground_brown.png using Guid(be24990b5509a4523ada538f9679ac39) Importer(815301076,1909f56bfc062723c751e8b465ee728b)  -> (artifact id: '6f6b081bd335bbb7b0ced4c5978b3b0e') in 0.061426 seconds 
  Import took 0.067320 seconds .

========================================================================
Received Import Request.
  Time since last request: 0.000440 seconds.
  path: Assets/Mod Assets/Environment Sprites Colored/Brown/MidgroundFiller_brown.png
  artifactKey: Guid(3e7c0350ec679444abe5b018ccdc5019) Importer(815301076,1909f56bfc062723c751e8b465ee728b)
Start importing Assets/Mod Assets/Environment Sprites Colored/Brown/MidgroundFiller_brown.png using Guid(3e7c0350ec679444abe5b018ccdc5019) Importer(815301076,1909f56bfc062723c751e8b465ee728b)  -> (artifact id: '8e876e052d401c276bd22ff011e11965') in 0.055271 seconds 
  Import took 0.062227 seconds .

========================================================================
Received Import Request.
  Time since last request: 0.000450 seconds.
  path: Assets/Mod Assets/Environment Sprites Colored/Brown/TileFloatingLeftEdge_red.png
  artifactKey: Guid(71b9d5136d74044dd8f14cbc5de9879a) Importer(815301076,1909f56bfc062723c751e8b465ee728b)
Start importing Assets/Mod Assets/Environment Sprites Colored/Brown/TileFloatingLeftEdge_red.png using Guid(71b9d5136d74044dd8f14cbc5de9879a) Importer(815301076,1909f56bfc062723c751e8b465ee728b)  -> (artifact id: 'a2561911c42d2a4ce475408b7908fa98') in 0.059353 seconds 
  Import took 0.066122 seconds .

========================================================================
Received Import Request.
  Time since last request: 0.000448 seconds.
  path: Assets/Mod Assets/Environment Sprites Colored/Brown/mountains_brown.png
  artifactKey: Guid(34724a97ee23b4fb6982962e3ba84831) Importer(815301076,1909f56bfc062723c751e8b465ee728b)
Start importing Assets/Mod Assets/Environment Sprites Colored/Brown/mountains_brown.png using Guid(34724a97ee23b4fb6982962e3ba84831) Importer(815301076,1909f56bfc062723c751e8b465ee728b)  -> (artifact id: 'f512059d7e4aa284f937c8f8ff4eff92') in 0.060384 seconds 
  Import took 0.066460 seconds .

========================================================================
Received Import Request.
  Time since last request: 0.000461 seconds.
  path: Assets/Mod Assets/Environment Sprites Colored/Brown/tree_brown.png
  artifactKey: Guid(b8f3423654be24cc4b8a96acea0b6937) Importer(815301076,1909f56bfc062723c751e8b465ee728b)
Start importing Assets/Mod Assets/Environment Sprites Colored/Brown/tree_brown.png using Guid(b8f3423654be24cc4b8a96acea0b6937) Importer(815301076,1909f56bfc062723c751e8b465ee728b)  -> (artifact id: 'd63f62244bfff786220319152c4442e2') in 0.058780 seconds 
  Import took 0.066074 seconds .

========================================================================
Received Import Request.
  Time since last request: 0.000423 seconds.
  path: Assets/Mod Assets/Environment Sprites Colored/Brown/TileGroundDark_red.png
  artifactKey: Guid(cf65e11c3538043d2a29e4dde3a15f14) Importer(815301076,1909f56bfc062723c751e8b465ee728b)
Start importing Assets/Mod Assets/Environment Sprites Colored/Brown/TileGroundDark_red.png using Guid(cf65e11c3538043d2a29e4dde3a15f14) Importer(815301076,1909f56bfc062723c751e8b465ee728b)  -> (artifact id: 'a048ad09e50c8abb5639e2e4ae8edba4') in 0.060029 seconds 
  Import took 0.066115 seconds .

========================================================================
Received Import Request.
  Time since last request: 0.000386 seconds.
  path: Assets/Mod Assets/Environment Sprites Colored/Brown/TileGround_red.png
  artifactKey: Guid(747cb647662d548c0949304a23e94246) Importer(815301076,1909f56bfc062723c751e8b465ee728b)
Start importing Assets/Mod Assets/Environment Sprites Colored/Brown/TileGround_red.png using Guid(747cb647662d548c0949304a23e94246) Importer(815301076,1909f56bfc062723c751e8b465ee728b)  -> (artifact id: 'a30a847bc41f4e3d7e081d0827c9a2b9') in 0.058884 seconds 
  Import took 0.065279 seconds .

========================================================================
Received Import Request.
  Time since last request: 0.000388 seconds.
  path: Assets/Mod Assets/Environment Sprites Colored/Brown/hillside_brown.png
  artifactKey: Guid(d454f1c422c1245d3ac120bdba60a264) Importer(815301076,1909f56bfc062723c751e8b465ee728b)
Start importing Assets/Mod Assets/Environment Sprites Colored/Brown/hillside_brown.png using Guid(d454f1c422c1245d3ac120bdba60a264) Importer(815301076,1909f56bfc062723c751e8b465ee728b)  -> (artifact id: 'db267f71bd32318a82734113ddcf3bce') in 0.059933 seconds 
  Import took 0.066717 seconds .

========================================================================
Received Import Request.
  Time since last request: 0.000423 seconds.
  path: Assets/Mod Assets/Environment Sprites Colored/Brown/house_brown.png
  artifactKey: Guid(b81846ef5cfe344758af2068c1886e06) Importer(815301076,1909f56bfc062723c751e8b465ee728b)
Start importing Assets/Mod Assets/Environment Sprites Colored/Brown/house_brown.png using Guid(b81846ef5cfe344758af2068c1886e06) Importer(815301076,1909f56bfc062723c751e8b465ee728b)  -> (artifact id: 'a0c3ef5fed61c1addf3c0b8dadd2fe46') in 0.058846 seconds 
  Import took 0.065399 seconds .

========================================================================
Received Import Request.
  Time since last request: 0.567613 seconds.
  path: Assets/Mod Assets/Environment Sprites Colored/Green/cloud_green.png
  artifactKey: Guid(71c5e9964206940808fecdd46305095f) Importer(815301076,1909f56bfc062723c751e8b465ee728b)
Start importing Assets/Mod Assets/Environment Sprites Colored/Green/cloud_green.png using Guid(71c5e9964206940808fecdd46305095f) Importer(815301076,1909f56bfc062723c751e8b465ee728b)  -> (artifact id: 'b0b74033b28f818bc97cf1b80a97c9c3') in 0.049653 seconds 
  Import took 0.058841 seconds .

========================================================================
Received Import Request.
  Time since last request: 0.000459 seconds.
  path: Assets/Mod Assets/Environment Sprites Colored/Green/TileFloatingRightEdge_green.png
  artifactKey: Guid(8ded66bcee16c446b96f2d4c8977c3be) Importer(815301076,1909f56bfc062723c751e8b465ee728b)
Start importing Assets/Mod Assets/Environment Sprites Colored/Green/TileFloatingRightEdge_green.png using Guid(8ded66bcee16c446b96f2d4c8977c3be) Importer(815301076,1909f56bfc062723c751e8b465ee728b)  -> (artifact id: '22e36658d22156af7d2a36fbe21cec91') in 0.057215 seconds 
  Import took 0.067311 seconds .

========================================================================
Received Import Request.
  Time since last request: 0.000432 seconds.
  path: Assets/Mod Assets/Environment Sprites Colored/Green/midground_green.png
  artifactKey: Guid(1f3f80cd2139042a49e9349f3ecd9d7e) Importer(815301076,1909f56bfc062723c751e8b465ee728b)
Start importing Assets/Mod Assets/Environment Sprites Colored/Green/midground_green.png using Guid(1f3f80cd2139042a49e9349f3ecd9d7e) Importer(815301076,1909f56bfc062723c751e8b465ee728b)  -> (artifact id: '3d7e4b85cf1fd2544f9db81a7348a412') in 0.073180 seconds 
  Import took 0.080758 seconds .

========================================================================
Received Import Request.
  Time since last request: 0.000647 seconds.
  path: Assets/Mod Assets/Environment Sprites Colored/Green/TallBuilding_green.png
  artifactKey: Guid(38c463b600b3e4583a547a101e29a5f8) Importer(815301076,1909f56bfc062723c751e8b465ee728b)
Start importing Assets/Mod Assets/Environment Sprites Colored/Green/TallBuilding_green.png using Guid(38c463b600b3e4583a547a101e29a5f8) Importer(815301076,1909f56bfc062723c751e8b465ee728b)  -> (artifact id: '5d2fe2554d28b45dcb61d158555a9013') in 0.057459 seconds 
  Import took 0.064803 seconds .

========================================================================
Received Import Request.
  Time since last request: 0.000420 seconds.
  path: Assets/Mod Assets/Environment Sprites Colored/Green/TileGround_green.png
  artifactKey: Guid(8606c873d5fe940fbbff849911ad1040) Importer(815301076,1909f56bfc062723c751e8b465ee728b)
Start importing Assets/Mod Assets/Environment Sprites Colored/Green/TileGround_green.png using Guid(8606c873d5fe940fbbff849911ad1040) Importer(815301076,1909f56bfc062723c751e8b465ee728b)  -> (artifact id: '9f937b51f5b23f73e73a0885aa659887') in 0.059209 seconds 
  Import took 0.066716 seconds .

========================================================================
Received Import Request.
  Time since last request: 0.000400 seconds.
  path: Assets/Mod Assets/Environment Sprites Colored/Green/fence_green.png
  artifactKey: Guid(0feaea75575634319bbb7906ba4f6fb2) Importer(815301076,1909f56bfc062723c751e8b465ee728b)
Start importing Assets/Mod Assets/Environment Sprites Colored/Green/fence_green.png using Guid(0feaea75575634319bbb7906ba4f6fb2) Importer(815301076,1909f56bfc062723c751e8b465ee728b)  -> (artifact id: 'eaa3565672538280028aa9b1d3c6f18b') in 0.057536 seconds 
  Import took 0.065769 seconds .

========================================================================
Received Import Request.
  Time since last request: 0.000433 seconds.
  path: Assets/Mod Assets/Environment Sprites Colored/Green/TileFloatingLeftEdge_green.png
  artifactKey: Guid(2defc03135a204b0c9b14ed9f6ecb727) Importer(815301076,1909f56bfc062723c751e8b465ee728b)
Start importing Assets/Mod Assets/Environment Sprites Colored/Green/TileFloatingLeftEdge_green.png using Guid(2defc03135a204b0c9b14ed9f6ecb727) Importer(815301076,1909f56bfc062723c751e8b465ee728b)  -> (artifact id: '76fc0a7d1ec8d76d5b6132ac751a4e6a') in 0.055977 seconds 
  Import took 0.065002 seconds .

========================================================================
Received Import Request.
  Time since last request: 0.000462 seconds.
  path: Assets/Mod Assets/Environment Sprites Colored/Green/fence_green.png
  artifactKey: Guid(0feaea75575634319bbb7906ba4f6fb2) Importer(815301076,1909f56bfc062723c751e8b465ee728b)
Start importing Assets/Mod Assets/Environment Sprites Colored/Green/fence_green.png using Guid(0feaea75575634319bbb7906ba4f6fb2) Importer(815301076,1909f56bfc062723c751e8b465ee728b)  -> (artifact id: 'eaa3565672538280028aa9b1d3c6f18b') in 0.039618 seconds 
  Import took 0.048856 seconds .

========================================================================
Received Import Request.
  Time since last request: 0.000501 seconds.
  path: Assets/Mod Assets/Environment Sprites Colored/Green/house_green.png
  artifactKey: Guid(9691843fa5b754494a1163a8c830ee90) Importer(815301076,1909f56bfc062723c751e8b465ee728b)
Start importing Assets/Mod Assets/Environment Sprites Colored/Green/house_green.png using Guid(9691843fa5b754494a1163a8c830ee90) Importer(815301076,1909f56bfc062723c751e8b465ee728b)  -> (artifact id: 'c13d5aaa4259d727d74649f16d89a88a') in 0.064904 seconds 
  Import took 0.072322 seconds .

========================================================================
Received Import Request.
  Time since last request: 0.000420 seconds.
  path: Assets/Mod Assets/Environment Sprites Colored/Green/hillside_green.png
  artifactKey: Guid(4de75785c053949ff8c34bc65822f342) Importer(815301076,1909f56bfc062723c751e8b465ee728b)
Start importing Assets/Mod Assets/Environment Sprites Colored/Green/hillside_green.png using Guid(4de75785c053949ff8c34bc65822f342) Importer(815301076,1909f56bfc062723c751e8b465ee728b)  -> (artifact id: '67001fdc40b048a39de6278cbbcdc304') in 0.061045 seconds 
  Import took 0.067876 seconds .

========================================================================
Received Import Request.
  Time since last request: 0.000441 seconds.
  path: Assets/Mod Assets/Environment Sprites Colored/Green/TileGroundDark_green.png
  artifactKey: Guid(f52361a01fb9d44369ffc2ea4d4cf021) Importer(815301076,1909f56bfc062723c751e8b465ee728b)
Start importing Assets/Mod Assets/Environment Sprites Colored/Green/TileGroundDark_green.png using Guid(f52361a01fb9d44369ffc2ea4d4cf021) Importer(815301076,1909f56bfc062723c751e8b465ee728b)  -> (artifact id: '3b4fc0519d7e43b823f83c0e9a492d1d') in 0.056291 seconds 
  Import took 0.063151 seconds .

========================================================================
Received Import Request.
  Time since last request: 0.000454 seconds.
  path: Assets/Mod Assets/Environment Sprites Colored/Green/MidgroundFiller_green.png
  artifactKey: Guid(f80cb9971cddf494bbf0c087eb3af547) Importer(815301076,1909f56bfc062723c751e8b465ee728b)
Start importing Assets/Mod Assets/Environment Sprites Colored/Green/MidgroundFiller_green.png using Guid(f80cb9971cddf494bbf0c087eb3af547) Importer(815301076,1909f56bfc062723c751e8b465ee728b)  -> (artifact id: 'f7ce46287a37df5d1ea857854f84b62e') in 0.045410 seconds 
  Import took 0.051743 seconds .

========================================================================
Received Import Request.
  Time since last request: 0.000410 seconds.
  path: Assets/Mod Assets/Environment Sprites Colored/Green/TileFloatingMiddle_green.png
  artifactKey: Guid(db0fa8e4c01154551a282e88763f44b6) Importer(815301076,1909f56bfc062723c751e8b465ee728b)
Start importing Assets/Mod Assets/Environment Sprites Colored/Green/TileFloatingMiddle_green.png using Guid(db0fa8e4c01154551a282e88763f44b6) Importer(815301076,1909f56bfc062723c751e8b465ee728b)  -> (artifact id: '19f61d93fa37da75e410e095da4f7735') in 0.058338 seconds 
  Import took 0.066170 seconds .

========================================================================
Received Import Request.
  Time since last request: 0.000412 seconds.
  path: Assets/Mod Assets/Environment Sprites Colored/Green/MidgroundFiller_green.png
  artifactKey: Guid(f80cb9971cddf494bbf0c087eb3af547) Importer(815301076,1909f56bfc062723c751e8b465ee728b)
Start importing Assets/Mod Assets/Environment Sprites Colored/Green/MidgroundFiller_green.png using Guid(f80cb9971cddf494bbf0c087eb3af547) Importer(815301076,1909f56bfc062723c751e8b465ee728b)  -> (artifact id: 'f7ce46287a37df5d1ea857854f84b62e') in 0.028792 seconds 
  Import took 0.037522 seconds .

========================================================================
Received Import Request.
  Time since last request: 0.000446 seconds.
  path: Assets/Mod Assets/Environment Sprites Colored/Green/plant_green.png
  artifactKey: Guid(7eb9436df9f6347e3b2d23a03a8f7cf0) Importer(815301076,1909f56bfc062723c751e8b465ee728b)
Start importing Assets/Mod Assets/Environment Sprites Colored/Green/plant_green.png using Guid(7eb9436df9f6347e3b2d23a03a8f7cf0) Importer(815301076,1909f56bfc062723c751e8b465ee728b)  -> (artifact id: '30a10dc935a319e50549bf6a5580ccab') in 0.057385 seconds 
  Import took 0.066100 seconds .

========================================================================
Received Import Request.
  Time since last request: 0.000394 seconds.
  path: Assets/Mod Assets/Environment Sprites Colored/Green/mountains_green.png
  artifactKey: Guid(d0d187e7e72af4f43bde3b1883bb7225) Importer(815301076,1909f56bfc062723c751e8b465ee728b)
Start importing Assets/Mod Assets/Environment Sprites Colored/Green/mountains_green.png using Guid(d0d187e7e72af4f43bde3b1883bb7225) Importer(815301076,1909f56bfc062723c751e8b465ee728b)  -> (artifact id: '44ea8a6a16a76d37d62a1d55e3e02add') in 0.059063 seconds 
  Import took 0.067516 seconds .

========================================================================
Received Import Request.
  Time since last request: 0.000429 seconds.
  path: Assets/Mod Assets/Environment Sprites Colored/Green/TileGroundTop_green.png
  artifactKey: Guid(47b73910b31fb422ca0c0164c2c70dfd) Importer(815301076,1909f56bfc062723c751e8b465ee728b)
Start importing Assets/Mod Assets/Environment Sprites Colored/Green/TileGroundTop_green.png using Guid(47b73910b31fb422ca0c0164c2c70dfd) Importer(815301076,1909f56bfc062723c751e8b465ee728b)  -> (artifact id: '636558db2e4684b01fb009b9119f140e') in 0.054547 seconds 
  Import took 0.061865 seconds .

========================================================================
Received Import Request.
  Time since last request: 0.000421 seconds.
  path: Assets/Mod Assets/Environment Sprites Colored/Green/ShortBuilding_green.png
  artifactKey: Guid(427dc81beda3140108cf53f168e63838) Importer(815301076,1909f56bfc062723c751e8b465ee728b)
Start importing Assets/Mod Assets/Environment Sprites Colored/Green/ShortBuilding_green.png using Guid(427dc81beda3140108cf53f168e63838) Importer(815301076,1909f56bfc062723c751e8b465ee728b)  -> (artifact id: 'c487f49798d24fb4ad0f85332fddfa8d') in 0.066258 seconds 
  Import took 0.075188 seconds .

========================================================================
Received Import Request.
  Time since last request: 0.000389 seconds.
  path: Assets/Mod Assets/Environment Sprites Colored/Green/tree_green.png
  artifactKey: Guid(01c42089badae417987a68a7df009dd6) Importer(815301076,1909f56bfc062723c751e8b465ee728b)
Start importing Assets/Mod Assets/Environment Sprites Colored/Green/tree_green.png using Guid(01c42089badae417987a68a7df009dd6) Importer(815301076,1909f56bfc062723c751e8b465ee728b)  -> (artifact id: 'ad58ad5133babb42674949780435b2e1') in 0.063448 seconds 
  Import took 0.070217 seconds .

========================================================================
Received Import Request.
  Time since last request: 0.778230 seconds.
  path: Assets/Mod Assets/Environment Sprites Colored/Magenta/cloud_pink.png
  artifactKey: Guid(f657018234fcb43259e0a2a48254119a) Importer(815301076,1909f56bfc062723c751e8b465ee728b)
Start importing Assets/Mod Assets/Environment Sprites Colored/Magenta/cloud_pink.png using Guid(f657018234fcb43259e0a2a48254119a) Importer(815301076,1909f56bfc062723c751e8b465ee728b)  -> (artifact id: '3f867e386cb44e8e8cb5d9a142e6f26d') in 0.047453 seconds 
  Import took 0.057050 seconds .

========================================================================
Received Import Request.
  Time since last request: 0.000452 seconds.
  path: Assets/Mod Assets/Environment Sprites Colored/Magenta/TileGround_pink.png
  artifactKey: Guid(4ae14e103d8a74610aeae8c0c933829b) Importer(815301076,1909f56bfc062723c751e8b465ee728b)
Start importing Assets/Mod Assets/Environment Sprites Colored/Magenta/TileGround_pink.png using Guid(4ae14e103d8a74610aeae8c0c933829b) Importer(815301076,1909f56bfc062723c751e8b465ee728b)  -> (artifact id: '444580a352bdd1f65a5cc93d4f4fb166') in 0.068920 seconds 
  Import took 0.079387 seconds .

========================================================================
Received Import Request.
  Time since last request: 0.000427 seconds.
  path: Assets/Mod Assets/Environment Sprites Colored/Magenta/tree_pink.png
  artifactKey: Guid(d20f0f04b3b19434099ae501e4b0e994) Importer(815301076,1909f56bfc062723c751e8b465ee728b)
Start importing Assets/Mod Assets/Environment Sprites Colored/Magenta/tree_pink.png using Guid(d20f0f04b3b19434099ae501e4b0e994) Importer(815301076,1909f56bfc062723c751e8b465ee728b)  -> (artifact id: 'fe277e428218b18aab9e86de668c6487') in 0.082200 seconds 
  Import took 0.091567 seconds .

========================================================================
Received Import Request.
  Time since last request: 0.000535 seconds.
  path: Assets/Mod Assets/Environment Sprites Colored/Magenta/house_pink.png
  artifactKey: Guid(fb6453d108bac4352b9141f271418199) Importer(815301076,1909f56bfc062723c751e8b465ee728b)
Start importing Assets/Mod Assets/Environment Sprites Colored/Magenta/house_pink.png using Guid(fb6453d108bac4352b9141f271418199) Importer(815301076,1909f56bfc062723c751e8b465ee728b)  -> (artifact id: 'a029878799ca52f63fb79ae8ee135b44') in 0.070447 seconds 
  Import took 0.078382 seconds .

========================================================================
Received Import Request.
  Time since last request: 0.000398 seconds.
  path: Assets/Mod Assets/Environment Sprites Colored/Magenta/fence_pink.png
  artifactKey: Guid(3992f564c616645b0aa6d00135510fdc) Importer(815301076,1909f56bfc062723c751e8b465ee728b)
Start importing Assets/Mod Assets/Environment Sprites Colored/Magenta/fence_pink.png using Guid(3992f564c616645b0aa6d00135510fdc) Importer(815301076,1909f56bfc062723c751e8b465ee728b)  -> (artifact id: '5907b1979c30a390ebf3a4d3bdd6d8b4') in 0.058822 seconds 
  Import took 0.065977 seconds .

========================================================================
Received Import Request.
  Time since last request: 0.000390 seconds.
  path: Assets/Mod Assets/Environment Sprites Colored/Magenta/plant_pink.png
  artifactKey: Guid(c4da3236a23a5463785369522f808e90) Importer(815301076,1909f56bfc062723c751e8b465ee728b)
Start importing Assets/Mod Assets/Environment Sprites Colored/Magenta/plant_pink.png using Guid(c4da3236a23a5463785369522f808e90) Importer(815301076,1909f56bfc062723c751e8b465ee728b)  -> (artifact id: '996673a41f6315236074a21863413a7e') in 0.058115 seconds 
  Import took 0.066054 seconds .

========================================================================
Received Import Request.
  Time since last request: 0.000484 seconds.
  path: Assets/Mod Assets/Environment Sprites Colored/Magenta/TileGroundDark_pink.png
  artifactKey: Guid(bfcc93ae431214a5c8c5d2dd11d3885a) Importer(815301076,1909f56bfc062723c751e8b465ee728b)
Start importing Assets/Mod Assets/Environment Sprites Colored/Magenta/TileGroundDark_pink.png using Guid(bfcc93ae431214a5c8c5d2dd11d3885a) Importer(815301076,1909f56bfc062723c751e8b465ee728b)  -> (artifact id: 'dbb55313988c8e093382f5fd926a1a6b') in 0.057215 seconds 
  Import took 0.065231 seconds .

========================================================================
Received Import Request.
  Time since last request: 0.000412 seconds.
  path: Assets/Mod Assets/Environment Sprites Colored/Magenta/TileFloatingMiddle_pink.png
  artifactKey: Guid(cc17cd0a8cb8d48a1926e1cdf93ee83d) Importer(815301076,1909f56bfc062723c751e8b465ee728b)
Start importing Assets/Mod Assets/Environment Sprites Colored/Magenta/TileFloatingMiddle_pink.png using Guid(cc17cd0a8cb8d48a1926e1cdf93ee83d) Importer(815301076,1909f56bfc062723c751e8b465ee728b)  -> (artifact id: '171a3c8b871ea5ab17eb47068f6bf871') in 0.061466 seconds 
  Import took 0.072709 seconds .

========================================================================
Received Import Request.
  Time since last request: 0.000362 seconds.
  path: Assets/Mod Assets/Environment Sprites Colored/Magenta/TileFloatingRightEdge_pink.png
  artifactKey: Guid(96771fad5335d4615b225aedaf2a201f) Importer(815301076,1909f56bfc062723c751e8b465ee728b)
Start importing Assets/Mod Assets/Environment Sprites Colored/Magenta/TileFloatingRightEdge_pink.png using Guid(96771fad5335d4615b225aedaf2a201f) Importer(815301076,1909f56bfc062723c751e8b465ee728b)  -> (artifact id: 'fb95e9d6efdfc60b55599e2df38cebeb') in 0.061961 seconds 
  Import took 0.069385 seconds .

========================================================================
Received Import Request.
  Time since last request: 0.000384 seconds.
  path: Assets/Mod Assets/Environment Sprites Colored/Magenta/TallBuilding_pink.png
  artifactKey: Guid(42bcb5b2cd06041beabf65dfcbaac6fe) Importer(815301076,1909f56bfc062723c751e8b465ee728b)
Start importing Assets/Mod Assets/Environment Sprites Colored/Magenta/TallBuilding_pink.png using Guid(42bcb5b2cd06041beabf65dfcbaac6fe) Importer(815301076,1909f56bfc062723c751e8b465ee728b)  -> (artifact id: 'a873cd65c6d7c4b9c47bbf47f765d4c0') in 0.065428 seconds 
  Import took 0.072763 seconds .

========================================================================
Received Import Request.
  Time since last request: 0.000403 seconds.
  path: Assets/Mod Assets/Environment Sprites Colored/Magenta/hillside_pink.png
  artifactKey: Guid(8c5960356574a4430bc416af3953f026) Importer(815301076,1909f56bfc062723c751e8b465ee728b)
Start importing Assets/Mod Assets/Environment Sprites Colored/Magenta/hillside_pink.png using Guid(8c5960356574a4430bc416af3953f026) Importer(815301076,1909f56bfc062723c751e8b465ee728b)  -> (artifact id: 'c1918ac5b6be00f4c731694e51a3a2c2') in 0.061139 seconds 
  Import took 0.069588 seconds .

========================================================================
Received Import Request.
  Time since last request: 0.000650 seconds.
  path: Assets/Mod Assets/Environment Sprites Colored/Magenta/MidgroundFiller_pink.png
  artifactKey: Guid(0aa71243a17f64fe3b5744d333d15e1c) Importer(815301076,1909f56bfc062723c751e8b465ee728b)
Start importing Assets/Mod Assets/Environment Sprites Colored/Magenta/MidgroundFiller_pink.png using Guid(0aa71243a17f64fe3b5744d333d15e1c) Importer(815301076,1909f56bfc062723c751e8b465ee728b)  -> (artifact id: '3820c2242d374788a16b00482ea2dc1d') in 0.053736 seconds 
  Import took 0.061475 seconds .

========================================================================
Received Import Request.
  Time since last request: 0.000416 seconds.
  path: Assets/Mod Assets/Environment Sprites Colored/Magenta/midground_pink.png
  artifactKey: Guid(500ceab6ebad1476e865a3738ca391dd) Importer(815301076,1909f56bfc062723c751e8b465ee728b)
Start importing Assets/Mod Assets/Environment Sprites Colored/Magenta/midground_pink.png using Guid(500ceab6ebad1476e865a3738ca391dd) Importer(815301076,1909f56bfc062723c751e8b465ee728b)  -> (artifact id: 'b1f3c775d7121b76e4f976e3fffe8018') in 0.066315 seconds 
  Import took 0.075580 seconds .

========================================================================
Received Import Request.
  Time since last request: 0.000416 seconds.
  path: Assets/Mod Assets/Environment Sprites Colored/Magenta/ShortBuilding_pink.png
  artifactKey: Guid(91be9bd823991446b886262539d52dd2) Importer(815301076,1909f56bfc062723c751e8b465ee728b)
Start importing Assets/Mod Assets/Environment Sprites Colored/Magenta/ShortBuilding_pink.png using Guid(91be9bd823991446b886262539d52dd2) Importer(815301076,1909f56bfc062723c751e8b465ee728b)  -> (artifact id: '8eb4bde20d085fc0530a00295cbf012e') in 0.062035 seconds 
  Import took 0.069823 seconds .

========================================================================
Received Import Request.
  Time since last request: 0.000410 seconds.
  path: Assets/Mod Assets/Environment Sprites Colored/Magenta/TileGroundTop_pink.png
  artifactKey: Guid(9c48665400db045e58c53fa36c28d2eb) Importer(815301076,1909f56bfc062723c751e8b465ee728b)
Start importing Assets/Mod Assets/Environment Sprites Colored/Magenta/TileGroundTop_pink.png using Guid(9c48665400db045e58c53fa36c28d2eb) Importer(815301076,1909f56bfc062723c751e8b465ee728b)  -> (artifact id: 'e82df42d5b53fa3a4f12624d55bbc376') in 0.078908 seconds 
  Import took 0.087328 seconds .

========================================================================
Received Import Request.
  Time since last request: 0.003056 seconds.
  path: Assets/Mod Assets/Environment Sprites Colored/Magenta/TileFloatingLeftEdge_pink.png
  artifactKey: Guid(75f8547f9de1045c6bc679abc57ea589) Importer(815301076,1909f56bfc062723c751e8b465ee728b)
Start importing Assets/Mod Assets/Environment Sprites Colored/Magenta/TileFloatingLeftEdge_pink.png using Guid(75f8547f9de1045c6bc679abc57ea589) Importer(815301076,1909f56bfc062723c751e8b465ee728b)  -> (artifact id: 'cae3e4fb3b07fd67d24dd8a6499e48f7') in 0.061559 seconds 
  Import took 0.069805 seconds .

========================================================================
Received Import Request.
  Time since last request: 0.000397 seconds.
  path: Assets/Mod Assets/Environment Sprites Colored/Magenta/mountains_pink.png
  artifactKey: Guid(59fe7c0d7120f49699d5ea1be5dd9cae) Importer(815301076,1909f56bfc062723c751e8b465ee728b)
Start importing Assets/Mod Assets/Environment Sprites Colored/Magenta/mountains_pink.png using Guid(59fe7c0d7120f49699d5ea1be5dd9cae) Importer(815301076,1909f56bfc062723c751e8b465ee728b)  -> (artifact id: '89b8fa013e0fc239480cdb86640534cb') in 0.065328 seconds 
  Import took 0.072181 seconds .

========================================================================
Received Import Request.
  Time since last request: 0.424477 seconds.
  path: Assets/Mod Assets/Environment Sprites Colored/Teal/cloud_teal.png
  artifactKey: Guid(30efd09d063374386920ef39a98be3a5) Importer(815301076,1909f56bfc062723c751e8b465ee728b)
Start importing Assets/Mod Assets/Environment Sprites Colored/Teal/cloud_teal.png using Guid(30efd09d063374386920ef39a98be3a5) Importer(815301076,1909f56bfc062723c751e8b465ee728b)  -> (artifact id: '175b75045dd16088995b83d1a337a6ff') in 0.050032 seconds 
  Import took 0.058338 seconds .

========================================================================
Received Import Request.
  Time since last request: 0.000433 seconds.
  path: Assets/Mod Assets/Environment Sprites Colored/Teal/TallBuilding_teal.png
  artifactKey: Guid(cfbc4e56d638b4182bf75efff83d0626) Importer(815301076,1909f56bfc062723c751e8b465ee728b)
Start importing Assets/Mod Assets/Environment Sprites Colored/Teal/TallBuilding_teal.png using Guid(cfbc4e56d638b4182bf75efff83d0626) Importer(815301076,1909f56bfc062723c751e8b465ee728b)  -> (artifact id: '64eea6587c083616c4e649cfd8c1dcf9') in 0.061618 seconds 
  Import took 0.068757 seconds .

========================================================================
Received Import Request.
  Time since last request: 0.000419 seconds.
  path: Assets/Mod Assets/Environment Sprites Colored/Teal/TileGroundDark_teal.png
  artifactKey: Guid(36b0d948198a542d3bf1dceeae828a04) Importer(815301076,1909f56bfc062723c751e8b465ee728b)
Start importing Assets/Mod Assets/Environment Sprites Colored/Teal/TileGroundDark_teal.png using Guid(36b0d948198a542d3bf1dceeae828a04) Importer(815301076,1909f56bfc062723c751e8b465ee728b)  -> (artifact id: '6cb2853360707c9485b9c22e72cd3344') in 0.062210 seconds 
  Import took 0.069873 seconds .

========================================================================
Received Import Request.
  Time since last request: 0.000446 seconds.
  path: Assets/Mod Assets/Environment Sprites Colored/Teal/TileGround_teal.png
  artifactKey: Guid(e06d260a2a755418bb7d79b087db3b9b) Importer(815301076,1909f56bfc062723c751e8b465ee728b)
Start importing Assets/Mod Assets/Environment Sprites Colored/Teal/TileGround_teal.png using Guid(e06d260a2a755418bb7d79b087db3b9b) Importer(815301076,1909f56bfc062723c751e8b465ee728b)  -> (artifact id: '1285f31eb9cdbbb2858aa4176048239a') in 0.058333 seconds 
  Import took 0.067532 seconds .

========================================================================
Received Import Request.
  Time since last request: 0.000422 seconds.
  path: Assets/Mod Assets/Environment Sprites Colored/Teal/plant_teal.png
  artifactKey: Guid(25edfa4d702b64308bf5ec6af95aca77) Importer(815301076,1909f56bfc062723c751e8b465ee728b)
Start importing Assets/Mod Assets/Environment Sprites Colored/Teal/plant_teal.png using Guid(25edfa4d702b64308bf5ec6af95aca77) Importer(815301076,1909f56bfc062723c751e8b465ee728b)  -> (artifact id: '10caec27aa513141d4468a8368e6763c') in 0.060395 seconds 
  Import took 0.067510 seconds .

========================================================================
Received Import Request.
  Time since last request: 0.000399 seconds.
  path: Assets/Mod Assets/Environment Sprites Colored/Teal/mountains_teal.png
  artifactKey: Guid(f3f3344c27ca54650871a22124869d7b) Importer(815301076,1909f56bfc062723c751e8b465ee728b)
Start importing Assets/Mod Assets/Environment Sprites Colored/Teal/mountains_teal.png using Guid(f3f3344c27ca54650871a22124869d7b) Importer(815301076,1909f56bfc062723c751e8b465ee728b)  -> (artifact id: '55a5876febb2c3a653237d42aa943eb0') in 0.059786 seconds 
  Import took 0.066506 seconds .

========================================================================
Received Import Request.
  Time since last request: 0.000413 seconds.
  path: Assets/Mod Assets/Environment Sprites Colored/Teal/MidgroundFiller_teal.png
  artifactKey: Guid(46173b271ce904b2384f6269a23f036e) Importer(815301076,1909f56bfc062723c751e8b465ee728b)
Start importing Assets/Mod Assets/Environment Sprites Colored/Teal/MidgroundFiller_teal.png using Guid(46173b271ce904b2384f6269a23f036e) Importer(815301076,1909f56bfc062723c751e8b465ee728b)  -> (artifact id: '05d1cde73f7650cba3bfed82be56170e') in 0.055528 seconds 
  Import took 0.062692 seconds .

========================================================================
Received Import Request.
  Time since last request: 0.000403 seconds.
  path: Assets/Mod Assets/Environment Sprites Colored/Teal/TileFloatingMiddle_teal.png
  artifactKey: Guid(b4fbc017ca0be49b286db50941bc957d) Importer(815301076,1909f56bfc062723c751e8b465ee728b)
Start importing Assets/Mod Assets/Environment Sprites Colored/Teal/TileFloatingMiddle_teal.png using Guid(b4fbc017ca0be49b286db50941bc957d) Importer(815301076,1909f56bfc062723c751e8b465ee728b)  -> (artifact id: '7262a6b95db1fcf31cd5d1f025a6c74c') in 0.055405 seconds 
  Import took 0.062505 seconds .

========================================================================
Received Import Request.
  Time since last request: 0.000596 seconds.
  path: Assets/Mod Assets/Environment Sprites Colored/Teal/fence_teal.png
  artifactKey: Guid(c0a53364920574b8d8576c49ca4a240e) Importer(815301076,1909f56bfc062723c751e8b465ee728b)
Start importing Assets/Mod Assets/Environment Sprites Colored/Teal/fence_teal.png using Guid(c0a53364920574b8d8576c49ca4a240e) Importer(815301076,1909f56bfc062723c751e8b465ee728b)  -> (artifact id: '32eb4e985b47f05be5b326cfd92c9328') in 0.061979 seconds 
  Import took 0.072476 seconds .

========================================================================
Received Import Request.
  Time since last request: 0.000366 seconds.
  path: Assets/Mod Assets/Environment Sprites Colored/Teal/house_teal.png
  artifactKey: Guid(d27278d86041f401ab6616169e26e41e) Importer(815301076,1909f56bfc062723c751e8b465ee728b)
Start importing Assets/Mod Assets/Environment Sprites Colored/Teal/house_teal.png using Guid(d27278d86041f401ab6616169e26e41e) Importer(815301076,1909f56bfc062723c751e8b465ee728b)  -> (artifact id: '02ec3bafebc7965e4e3a0284b9c617fc') in 0.058644 seconds 
  Import took 0.065994 seconds .

========================================================================
Received Import Request.
  Time since last request: 0.000405 seconds.
  path: Assets/Mod Assets/Environment Sprites Colored/Teal/ShortBuilding_teal.png
  artifactKey: Guid(9bf738880b3f042a09eb9ef0ea86e9b3) Importer(815301076,1909f56bfc062723c751e8b465ee728b)
Start importing Assets/Mod Assets/Environment Sprites Colored/Teal/ShortBuilding_teal.png using Guid(9bf738880b3f042a09eb9ef0ea86e9b3) Importer(815301076,1909f56bfc062723c751e8b465ee728b)  -> (artifact id: 'e2484c36d1fdf09daebe583eec6e5476') in 0.065093 seconds 
  Import took 0.071208 seconds .

========================================================================
Received Import Request.
  Time since last request: 0.000611 seconds.
  path: Assets/Mod Assets/Environment Sprites Colored/Teal/midground_teal.png
  artifactKey: Guid(6008cdc603da64bf69c195d4261b33be) Importer(815301076,1909f56bfc062723c751e8b465ee728b)
Start importing Assets/Mod Assets/Environment Sprites Colored/Teal/midground_teal.png using Guid(6008cdc603da64bf69c195d4261b33be) Importer(815301076,1909f56bfc062723c751e8b465ee728b)  -> (artifact id: 'b521554eebc3d0caa911e98ddb430eae') in 0.065857 seconds 
  Import took 0.073348 seconds .

========================================================================
Received Import Request.
  Time since last request: 0.000705 seconds.
  path: Assets/Mod Assets/Environment Sprites Colored/Teal/TileFloatingRightEdge_teal.png
  artifactKey: Guid(b7a3bf119b6f843cfa9f599c7abfba91) Importer(815301076,1909f56bfc062723c751e8b465ee728b)
Start importing Assets/Mod Assets/Environment Sprites Colored/Teal/TileFloatingRightEdge_teal.png using Guid(b7a3bf119b6f843cfa9f599c7abfba91) Importer(815301076,1909f56bfc062723c751e8b465ee728b)  -> (artifact id: '4965fc088596d2a54ad6ce33e9601d96') in 0.056973 seconds 
  Import took 0.065173 seconds .

========================================================================
Received Import Request.
  Time since last request: 0.000417 seconds.
  path: Assets/Mod Assets/Environment Sprites Colored/Teal/hillside_teal.png
  artifactKey: Guid(5abe6d0123d70409c9d25171486aa7a6) Importer(815301076,1909f56bfc062723c751e8b465ee728b)
Start importing Assets/Mod Assets/Environment Sprites Colored/Teal/hillside_teal.png using Guid(5abe6d0123d70409c9d25171486aa7a6) Importer(815301076,1909f56bfc062723c751e8b465ee728b)  -> (artifact id: '00436eedb73d59386d57f7be5a77d7e7') in 0.067998 seconds 
  Import took 0.074821 seconds .

========================================================================
Received Import Request.
  Time since last request: 0.000401 seconds.
  path: Assets/Mod Assets/Environment Sprites Colored/Teal/TileFloatingLeftEdge_teal.png
  artifactKey: Guid(ebcf99eef57b647cab7bae3c23621429) Importer(815301076,1909f56bfc062723c751e8b465ee728b)
Start importing Assets/Mod Assets/Environment Sprites Colored/Teal/TileFloatingLeftEdge_teal.png using Guid(ebcf99eef57b647cab7bae3c23621429) Importer(815301076,1909f56bfc062723c751e8b465ee728b)  -> (artifact id: '38a36121fe76ae8da1001672cdddcf6f') in 0.056537 seconds 
  Import took 0.062798 seconds .

========================================================================
Received Import Request.
  Time since last request: 0.000389 seconds.
  path: Assets/Mod Assets/Environment Sprites Colored/Teal/TileGroundTop_teal.png
  artifactKey: Guid(82b453f88917d4062a5cda9db3765d14) Importer(815301076,1909f56bfc062723c751e8b465ee728b)
Start importing Assets/Mod Assets/Environment Sprites Colored/Teal/TileGroundTop_teal.png using Guid(82b453f88917d4062a5cda9db3765d14) Importer(815301076,1909f56bfc062723c751e8b465ee728b)  -> (artifact id: '4cfaeec81ea6b544a2aea855c46926e8') in 0.058169 seconds 
  Import took 0.064875 seconds .

========================================================================
Received Import Request.
  Time since last request: 0.000442 seconds.
  path: Assets/Mod Assets/Environment Sprites Colored/Teal/tree_teal.png
  artifactKey: Guid(47e413d869daf4e09a226c81ce7ff0a4) Importer(815301076,1909f56bfc062723c751e8b465ee728b)
Start importing Assets/Mod Assets/Environment Sprites Colored/Teal/tree_teal.png using Guid(47e413d869daf4e09a226c81ce7ff0a4) Importer(815301076,1909f56bfc062723c751e8b465ee728b)  -> (artifact id: '6adb5d95705ffdc8b4dd247829396483') in 0.062339 seconds 
  Import took 0.070712 seconds .

========================================================================
Received Import Request.
  Time since last request: 0.000400 seconds.
  path: Assets/Mod Assets/Environment Sprites Colored/Teal/TileGroundTop_teal.png
  artifactKey: Guid(82b453f88917d4062a5cda9db3765d14) Importer(815301076,1909f56bfc062723c751e8b465ee728b)
Start importing Assets/Mod Assets/Environment Sprites Colored/Teal/TileGroundTop_teal.png using Guid(82b453f88917d4062a5cda9db3765d14) Importer(815301076,1909f56bfc062723c751e8b465ee728b)  -> (artifact id: '4cfaeec81ea6b544a2aea855c46926e8') in 0.039788 seconds 
  Import took 0.048327 seconds .

========================================================================
Received Import Request.
  Time since last request: 6.487188 seconds.
  path: Assets/Mod Assets/Mod Resources/Fonts/Bangers-Regular SDF.asset
  artifactKey: Guid(0e141b3397d234c8685509c5d77ebcf1) Importer(815301076,1909f56bfc062723c751e8b465ee728b)
Start importing Assets/Mod Assets/Mod Resources/Fonts/Bangers-Regular SDF.asset using Guid(0e141b3397d234c8685509c5d77ebcf1) Importer(815301076,1909f56bfc062723c751e8b465ee728b)  -> (artifact id: '5e2278fe9889836ef89c66191fedfa52') in 0.197070 seconds 
  Import took 0.203492 seconds .

========================================================================
Received Import Request.
  Time since last request: 0.000469 seconds.
  path: Assets/Mod Assets/Mod Resources/Fonts/CormorantUnicase-Regular SDF.asset
  artifactKey: Guid(ba62bccd3bc0142bc9a0bc1addeaadce) Importer(815301076,1909f56bfc062723c751e8b465ee728b)
Start importing Assets/Mod Assets/Mod Resources/Fonts/CormorantUnicase-Regular SDF.asset using Guid(ba62bccd3bc0142bc9a0bc1addeaadce) Importer(815301076,1909f56bfc062723c751e8b465ee728b)  -> (artifact id: '641a43499e94669936d98f0bedb2d56f') in 0.064470 seconds 
  Import took 0.071860 seconds .

========================================================================
Received Import Request.
  Time since last request: 0.000411 seconds.
  path: Assets/Mod Assets/Mod Resources/Fonts/Merriweather-Regular SDF.asset
  artifactKey: Guid(ea4179ba609564f33b822e1be581b321) Importer(815301076,1909f56bfc062723c751e8b465ee728b)
Start importing Assets/Mod Assets/Mod Resources/Fonts/Merriweather-Regular SDF.asset using Guid(ea4179ba609564f33b822e1be581b321) Importer(815301076,1909f56bfc062723c751e8b465ee728b)  -> (artifact id: '7d5c5027aa24a010cf99b7e6b8eea3be') in 0.069787 seconds 
  Import took 0.077420 seconds .

========================================================================
Received Import Request.
  Time since last request: 0.000422 seconds.
  path: Assets/Mod Assets/Mod Resources/Fonts/ZCOOLKuaiLe-Regular SDF.asset
  artifactKey: Guid(8ebfeea7062344f0c96b8a1d614a92b1) Importer(815301076,1909f56bfc062723c751e8b465ee728b)
Start importing Assets/Mod Assets/Mod Resources/Fonts/ZCOOLKuaiLe-Regular SDF.asset using Guid(8ebfeea7062344f0c96b8a1d614a92b1) Importer(815301076,1909f56bfc062723c751e8b465ee728b)  -> (artifact id: 'ff205c9a5f51a218e1fb389941a583bf') in 0.069725 seconds 
  Import took 0.077687 seconds .

========================================================================
Received Import Request.
  Time since last request: 0.000382 seconds.
  path: Assets/Mod Assets/Mod Resources/Fonts/Raleway-Regular SDF.asset
  artifactKey: Guid(2abf75d6e0d8a4aa6910fae6ee5d638b) Importer(815301076,1909f56bfc062723c751e8b465ee728b)
Start importing Assets/Mod Assets/Mod Resources/Fonts/Raleway-Regular SDF.asset using Guid(2abf75d6e0d8a4aa6910fae6ee5d638b) Importer(815301076,1909f56bfc062723c751e8b465ee728b)  -> (artifact id: '5f35865090f4a8a5846211c5a25401e9') in 0.061273 seconds 
  Import took 0.067887 seconds .

========================================================================
Received Import Request.
  Time since last request: 0.000493 seconds.
  path: Assets/Mod Assets/Mod Resources/Fonts/PressStart2P-Regular SDF.asset
  artifactKey: Guid(88003508be39e449cb51c48494e680cf) Importer(815301076,1909f56bfc062723c751e8b465ee728b)
Start importing Assets/Mod Assets/Mod Resources/Fonts/PressStart2P-Regular SDF.asset using Guid(88003508be39e449cb51c48494e680cf) Importer(815301076,1909f56bfc062723c751e8b465ee728b)  -> (artifact id: '32b0b082262c5a3866fd6ca9d1a0a0cd') in 0.063904 seconds 
  Import took 0.070614 seconds .

========================================================================
Received Import Request.
  Time since last request: 0.000393 seconds.
  path: Assets/Mod Assets/Mod Resources/Fonts/Orbitron-Regular SDF.asset
  artifactKey: Guid(d393f12bd75574ef991a7a2c74b29c69) Importer(815301076,1909f56bfc062723c751e8b465ee728b)
Start importing Assets/Mod Assets/Mod Resources/Fonts/Orbitron-Regular SDF.asset using Guid(d393f12bd75574ef991a7a2c74b29c69) Importer(815301076,1909f56bfc062723c751e8b465ee728b)  -> (artifact id: 'a3d1ce043c064eeb89039c21c5f22fc9') in 0.061283 seconds 
  Import took 0.068593 seconds .

========================================================================
Received Import Request.
  Time since last request: 0.000397 seconds.
  path: Assets/Mod Assets/Mod Resources/Fonts/BioRhymeExpanded-Regular SDF.asset
  artifactKey: Guid(2d0aaede2506c4ca0969c32576224028) Importer(815301076,1909f56bfc062723c751e8b465ee728b)
Start importing Assets/Mod Assets/Mod Resources/Fonts/BioRhymeExpanded-Regular SDF.asset using Guid(2d0aaede2506c4ca0969c32576224028) Importer(815301076,1909f56bfc062723c751e8b465ee728b)  -> (artifact id: '476ff99c94b6eb1f6ce4afcf00a2442c') in 0.063780 seconds 
  Import took 0.071289 seconds .

========================================================================
Received Import Request.
  Time since last request: 0.000428 seconds.
  path: Assets/Mod Assets/Mod Resources/Fonts/DancingScript-Regular SDF.asset
  artifactKey: Guid(7b50419dd5d254755b7929b05d413472) Importer(815301076,1909f56bfc062723c751e8b465ee728b)
Start importing Assets/Mod Assets/Mod Resources/Fonts/DancingScript-Regular SDF.asset using Guid(7b50419dd5d254755b7929b05d413472) Importer(815301076,1909f56bfc062723c751e8b465ee728b)  -> (artifact id: 'be2bd594662189eaaa27c820e025e4a7') in 0.064782 seconds 
  Import took 0.071847 seconds .

========================================================================
Received Import Request.
  Time since last request: 0.000382 seconds.
  path: Assets/Mod Assets/Mod Resources/Fonts/IndieFlower SDF.asset
  artifactKey: Guid(2a0d250d860e74880b33abdcb4a9da2a) Importer(815301076,1909f56bfc062723c751e8b465ee728b)
Start importing Assets/Mod Assets/Mod Resources/Fonts/IndieFlower SDF.asset using Guid(2a0d250d860e74880b33abdcb4a9da2a) Importer(815301076,1909f56bfc062723c751e8b465ee728b)  -> (artifact id: 'a45116627f9f9b9a881fd315471df9c6') in 0.070336 seconds 
  Import took 0.077529 seconds .

========================================================================
Received Import Request.
  Time since last request: 0.620913 seconds.
  path: Assets/Mod Assets/Mod Resources/Materials/SpritesHue.mat
  artifactKey: Guid(65adb638edb2db449a5dce43480aeae5) Importer(815301076,1909f56bfc062723c751e8b465ee728b)
Start importing Assets/Mod Assets/Mod Resources/Materials/SpritesHue.mat using Guid(65adb638edb2db449a5dce43480aeae5) Importer(815301076,1909f56bfc062723c751e8b465ee728b)  -> (artifact id: 'f36d3e2a3d6cf91e411efd621d222ba0') in 0.163065 seconds 
  Import took 0.171330 seconds .

========================================================================
Received Import Request.
  Time since last request: 333.052598 seconds.
  path: Assets/Scenes/Demo_level_1.unity
  artifactKey: Guid(0e977454692839e4a8e2c8110440782a) Importer(815301076,1909f56bfc062723c751e8b465ee728b)
Start importing Assets/Scenes/Demo_level_1.unity using Guid(0e977454692839e4a8e2c8110440782a) Importer(815301076,1909f56bfc062723c751e8b465ee728b)  -> (artifact id: 'e6f58a7a0bf172fb6ad8518d5b3b6d1d') in 0.023954 seconds 
  Import took 0.032909 seconds .

AssetImportWorkerClient::OnTransportError - code=2 error=End of file
